2023-04-25 17:34:00,124 "tasks:setUp:52" [INFO]-                                                   
2023-04-25 17:34:00,126 "tasks:setUp:56" [INFO]- ######### 开始执行用例【无入参，无出参，get测试】##########
2023-04-25 17:34:00,130 "tasks:setUp:74" [INFO]- 所属项目:这是一个测试项目4
2023-04-25 17:34:00,131 "tasks:setUp:76" [INFO]- 所属模块:这是一个测试模块4
2023-04-25 17:34:00,132 "tasks:setUp:78" [INFO]- 接口名称:/atp/get_test/
2023-04-25 17:34:00,132 "tasks:setUp:80" [INFO]- 请求方法:get
2023-04-25 17:34:00,133 "tasks:setUp:82" [INFO]- 接口地址:http://192.168.31.205:8000/atp/get_test/
2023-04-25 17:34:00,133 "tasks:setUp:84" [INFO]- 请求数据:{"id":1,"name":123}
2023-04-25 17:34:00,134 "tasks:setUp:86" [INFO]- 断言数据:"code": 200
2023-04-25 17:34:00,135 "tasks:setUp:88" [INFO]- 提取参数:None
2023-04-25 17:34:00,138 "process_data:request_process:44" [INFO]- -------- 开始调用接口 --------
2023-04-25 17:34:00,152 "process_data:request_process:49" [INFO]- 接口地址:http://192.168.31.205:8000/atp/get_test/?id=1&name=123
2023-04-25 17:34:00,153 "process_data:request_process:50" [INFO]- 请求数据:{"id":1,"name":123}
2023-04-25 17:34:00,154 "tasks:setUp:145" [INFO]- 响应数据:{"code": 200, "msg": "get查询成功", "server": {"id": 1, "env": "dev", "ip": "192.168.31.205", "port": "8000", "remark": "开发环境"}, "name": "123", "method": "get"}
2023-04-25 17:34:00,154 "tasks:testMethod:174" [INFO]- 断言关键字【"code": 200】匹配成功
2023-04-25 17:34:00,155 "tasks:tearDown:195" [INFO]- 用例【无入参，无出参，get测试】执行成功！
2023-04-25 17:34:00,157 "tasks:setUp:52" [INFO]-                                                   
2023-04-25 17:34:00,160 "tasks:setUp:56" [INFO]- ######### 开始执行用例【无入参，有出参】##########
2023-04-25 17:34:00,162 "tasks:setUp:74" [INFO]- 所属项目:这是一个测试项目4
2023-04-25 17:34:00,163 "tasks:setUp:76" [INFO]- 所属模块:这是一个测试模块4
2023-04-25 17:34:00,163 "tasks:setUp:78" [INFO]- 接口名称:/atp/post_test/
2023-04-25 17:34:00,164 "tasks:setUp:80" [INFO]- 请求方法:post
2023-04-25 17:34:00,164 "tasks:setUp:82" [INFO]- 接口地址:http://192.168.31.205:8000/atp/post_test/
2023-04-25 17:34:00,165 "tasks:setUp:84" [INFO]- 请求数据:{"id":1,"name":"啊啊啊啊啊"}
2023-04-25 17:34:00,165 "tasks:setUp:86" [INFO]- 断言数据:"code": 200
2023-04-25 17:34:00,166 "tasks:setUp:88" [INFO]- 提取参数:code||"code": (\d+);ip||"ip": "(((2(5[0-5]|[0-4]\d))|[0-1]?\d{1,2})(\.((2(5[0-5]|[0-4]\d))|[0-1]?\d{1,2})){3})"
2023-04-25 17:34:00,168 "process_data:request_process:44" [INFO]- -------- 开始调用接口 --------
2023-04-25 17:34:00,175 "process_data:request_process:69" [INFO]- 接口地址:http://192.168.31.205:8000/atp/post_test/
2023-04-25 17:34:00,176 "process_data:request_process:70" [INFO]- 请求数据:{"id":1,"name":"啊啊啊啊啊"}
2023-04-25 17:34:00,177 "tasks:setUp:145" [INFO]- 响应数据:{"code": 200, "msg": "查询成功", "server": {"id": 1, "env": "dev", "ip": "192.168.31.205", "port": "8000", "remark": "开发环境"}, "name": "啊啊啊啊啊"}
2023-04-25 17:34:00,178 "tasks:testMethod:174" [INFO]- 断言关键字【"code": 200】匹配成功
2023-04-25 17:34:00,179 "process_data:get_var_from_response:114" [INFO]- 变量公式:code||"code": (\d+);ip||"ip": "(((2(5[0-5]|[0-4]\d))|[0-1]?\d{1,2})(\.((2(5[0-5]|[0-4]\d))|[0-1]?\d{1,2})){3})"
2023-04-25 17:34:00,179 "process_data:get_var_from_response:121" [INFO]- 变量名称:code
2023-04-25 17:34:00,179 "process_data:get_var_from_response:123" [INFO]- 提取正则:"code": (\d+)
2023-04-25 17:34:00,180 "process_data:get_var_from_response:121" [INFO]- 变量名称:ip
2023-04-25 17:34:00,181 "process_data:get_var_from_response:123" [INFO]- 提取正则:"ip": "(((2(5[0-5]|[0-4]\d))|[0-1]?\d{1,2})(\.((2(5[0-5]|[0-4]\d))|[0-1]?\d{1,2})){3})"
2023-04-25 17:34:00,183 "process_data:get_var_from_response:134" [INFO]- 现全局变量:{"current_id_160": {"code": "200", "ip": "192.168.31.205"}}
2023-04-25 17:34:00,183 "tasks:tearDown:195" [INFO]- 用例【无入参，有出参】执行成功！
2023-04-25 17:34:00,185 "tasks:setUp:52" [INFO]-                                                   
2023-04-25 17:34:00,187 "tasks:setUp:56" [INFO]- ######### 开始执行用例【有入参，有出参】##########
2023-04-25 17:34:00,190 "tasks:setUp:74" [INFO]- 所属项目:这是一个测试项目4
2023-04-25 17:34:00,191 "tasks:setUp:76" [INFO]- 所属模块:这是一个测试模块4
2023-04-25 17:34:00,191 "tasks:setUp:78" [INFO]- 接口名称:/atp/get_test/
2023-04-25 17:34:00,192 "tasks:setUp:80" [INFO]- 请求方法:get
2023-04-25 17:34:00,192 "tasks:setUp:82" [INFO]- 接口地址:http://192.168.31.205:8000/atp/get_test/
2023-04-25 17:34:00,193 "tasks:setUp:84" [INFO]- 请求数据:{"id":1,"name":"啊啊啊啊啊","code":"${code}","ip":"${ip}"}
2023-04-25 17:34:00,193 "tasks:setUp:86" [INFO]- 断言数据:"code": 200
2023-04-25 17:34:00,194 "tasks:setUp:88" [INFO]- 提取参数:method||"method": "(\w+)"
2023-04-25 17:34:00,196 "process_data:request_process:44" [INFO]- -------- 开始调用接口 --------
2023-04-25 17:34:00,205 "process_data:request_process:49" [INFO]- 接口地址:http://192.168.31.205:8000/atp/get_test/?id=1&name=%E5%95%8A%E5%95%8A%E5%95%8A%E5%95%8A%E5%95%8A&code=200&ip=192.168.31.205
2023-04-25 17:34:00,206 "process_data:request_process:50" [INFO]- 请求数据:{"id":1,"name":"啊啊啊啊啊","code":"200","ip":"192.168.31.205"}
2023-04-25 17:34:00,207 "tasks:setUp:145" [INFO]- 响应数据:{"code": 200, "msg": "get查询成功", "server": {"id": 1, "env": "dev", "ip": "192.168.31.205", "port": "8000", "remark": "开发环境"}, "name": "啊啊啊啊啊", "method": "get"}
2023-04-25 17:34:00,207 "tasks:testMethod:174" [INFO]- 断言关键字【"code": 200】匹配成功
2023-04-25 17:34:00,208 "process_data:get_var_from_response:114" [INFO]- 变量公式:method||"method": "(\w+)"
2023-04-25 17:34:00,209 "process_data:get_var_from_response:121" [INFO]- 变量名称:method
2023-04-25 17:34:00,209 "process_data:get_var_from_response:123" [INFO]- 提取正则:"method": "(\w+)"
2023-04-25 17:34:00,210 "process_data:get_var_from_response:134" [INFO]- 现全局变量:{"current_id_160": {"code": "200", "ip": "192.168.31.205"}, "current_id_161": {"method": "get"}}
2023-04-25 17:34:00,210 "tasks:tearDown:195" [INFO]- 用例【有入参，有出参】执行成功！
2023-04-25 17:34:00,212 "tasks:setUp:52" [INFO]-                                                   
2023-04-25 17:34:00,214 "tasks:setUp:56" [INFO]- ######### 开始执行用例【有入参，无出参】##########
2023-04-25 17:34:00,217 "tasks:setUp:74" [INFO]- 所属项目:这是一个测试项目4
2023-04-25 17:34:00,218 "tasks:setUp:76" [INFO]- 所属模块:这是一个测试模块4
2023-04-25 17:34:00,218 "tasks:setUp:78" [INFO]- 接口名称:/atp/post_test/
2023-04-25 17:34:00,219 "tasks:setUp:80" [INFO]- 请求方法:post
2023-04-25 17:34:00,220 "tasks:setUp:82" [INFO]- 接口地址:http://192.168.31.205:8000/atp/post_test/
2023-04-25 17:34:00,220 "tasks:setUp:84" [INFO]- 请求数据:{"id":1,"name":"啊啊啊啊啊","method":"${method}"}
2023-04-25 17:34:00,221 "tasks:setUp:86" [INFO]- 断言数据:"code": 200
2023-04-25 17:34:00,223 "tasks:setUp:88" [INFO]- 提取参数:None
2023-04-25 17:34:00,225 "process_data:request_process:44" [INFO]- -------- 开始调用接口 --------
2023-04-25 17:34:00,232 "process_data:request_process:69" [INFO]- 接口地址:http://192.168.31.205:8000/atp/post_test/
2023-04-25 17:34:00,233 "process_data:request_process:70" [INFO]- 请求数据:{"id":1,"name":"啊啊啊啊啊","method":"get"}
2023-04-25 17:34:00,233 "tasks:setUp:145" [INFO]- 响应数据:{"code": 200, "msg": "查询成功", "server": {"id": 1, "env": "dev", "ip": "192.168.31.205", "port": "8000", "remark": "开发环境"}, "name": "啊啊啊啊啊"}
2023-04-25 17:34:00,234 "tasks:testMethod:174" [INFO]- 断言关键字【"code": 200】匹配成功
2023-04-25 17:34:00,234 "tasks:tearDown:195" [INFO]- 用例【有入参，无出参】执行成功！
2023-04-25 17:34:00,236 "tasks:setUp:52" [INFO]-                                                   
2023-04-25 17:34:00,239 "tasks:setUp:56" [INFO]- ######### 开始执行用例【无入参，无出参，多错误断言】##########
2023-04-25 17:34:00,242 "tasks:setUp:74" [INFO]- 所属项目:这是一个测试项目4
2023-04-25 17:34:00,242 "tasks:setUp:76" [INFO]- 所属模块:这是一个测试模块4
2023-04-25 17:34:00,243 "tasks:setUp:78" [INFO]- 接口名称:/atp/post_test/
2023-04-25 17:34:00,244 "tasks:setUp:80" [INFO]- 请求方法:post
2023-04-25 17:34:00,244 "tasks:setUp:82" [INFO]- 接口地址:http://192.168.31.205:8000/atp/post_test/
2023-04-25 17:34:00,245 "tasks:setUp:84" [INFO]- 请求数据:{"id":1,"name":"啊啊啊啊啊"}
2023-04-25 17:34:00,245 "tasks:setUp:86" [INFO]- 断言数据:"code": 200;"msg": "啊啊啊啊"
2023-04-25 17:34:00,246 "tasks:setUp:88" [INFO]- 提取参数:None
2023-04-25 17:34:00,248 "process_data:request_process:44" [INFO]- -------- 开始调用接口 --------
2023-04-25 17:34:00,254 "process_data:request_process:69" [INFO]- 接口地址:http://192.168.31.205:8000/atp/post_test/
2023-04-25 17:34:00,255 "process_data:request_process:70" [INFO]- 请求数据:{"id":1,"name":"啊啊啊啊啊"}
2023-04-25 17:34:00,255 "tasks:setUp:145" [INFO]- 响应数据:{"code": 200, "msg": "查询成功", "server": {"id": 1, "env": "dev", "ip": "192.168.31.205", "port": "8000", "remark": "开发环境"}, "name": "啊啊啊啊啊"}
2023-04-25 17:34:00,256 "tasks:testMethod:174" [INFO]- 断言关键字【"code": 200】匹配成功
2023-04-25 17:34:00,256 "tasks:testMethod:168" [INFO]- 断言关键字【"msg": "啊啊啊啊"】匹配失败
2023-04-25 17:34:00,257 "tasks:tearDown:198" [INFO]- 用例【无入参，无出参，多错误断言】执行失败,请检查错误！
2023-04-25 17:36:00,030 "tasks:setUp:52" [INFO]-                                                   
2023-04-25 17:36:00,032 "tasks:setUp:56" [INFO]- ######### 开始执行用例【无入参，无出参，get测试】##########
2023-04-25 17:36:00,034 "tasks:setUp:74" [INFO]- 所属项目:这是一个测试项目4
2023-04-25 17:36:00,036 "tasks:setUp:76" [INFO]- 所属模块:这是一个测试模块4
2023-04-25 17:36:00,036 "tasks:setUp:78" [INFO]- 接口名称:/atp/get_test/
2023-04-25 17:36:00,037 "tasks:setUp:80" [INFO]- 请求方法:get
2023-04-25 17:36:00,037 "tasks:setUp:82" [INFO]- 接口地址:http://192.168.31.205:8000/atp/get_test/
2023-04-25 17:36:00,038 "tasks:setUp:84" [INFO]- 请求数据:{"id":1,"name":123}
2023-04-25 17:36:00,038 "tasks:setUp:86" [INFO]- 断言数据:"code": 200
2023-04-25 17:36:00,039 "tasks:setUp:88" [INFO]- 提取参数:None
2023-04-25 17:36:00,041 "process_data:request_process:44" [INFO]- -------- 开始调用接口 --------
2023-04-25 17:36:00,049 "process_data:request_process:49" [INFO]- 接口地址:http://192.168.31.205:8000/atp/get_test/?id=1&name=123
2023-04-25 17:36:00,049 "process_data:request_process:50" [INFO]- 请求数据:{"id":1,"name":123}
2023-04-25 17:36:00,050 "tasks:setUp:145" [INFO]- 响应数据:{"code": 200, "msg": "get查询成功", "server": {"id": 1, "env": "dev", "ip": "192.168.31.205", "port": "8000", "remark": "开发环境"}, "name": "123", "method": "get"}
2023-04-25 17:36:00,052 "tasks:testMethod:174" [INFO]- 断言关键字【"code": 200】匹配成功
2023-04-25 17:36:00,053 "tasks:tearDown:195" [INFO]- 用例【无入参，无出参，get测试】执行成功！
2023-04-25 17:36:00,056 "tasks:setUp:52" [INFO]-                                                   
2023-04-25 17:36:00,058 "tasks:setUp:56" [INFO]- ######### 开始执行用例【无入参，有出参】##########
2023-04-25 17:36:00,063 "tasks:setUp:74" [INFO]- 所属项目:这是一个测试项目4
2023-04-25 17:36:00,064 "tasks:setUp:76" [INFO]- 所属模块:这是一个测试模块4
2023-04-25 17:36:00,064 "tasks:setUp:78" [INFO]- 接口名称:/atp/post_test/
2023-04-25 17:36:00,065 "tasks:setUp:80" [INFO]- 请求方法:post
2023-04-25 17:36:00,065 "tasks:setUp:82" [INFO]- 接口地址:http://192.168.31.205:8000/atp/post_test/
2023-04-25 17:36:00,066 "tasks:setUp:84" [INFO]- 请求数据:{"id":1,"name":"啊啊啊啊啊"}
2023-04-25 17:36:00,066 "tasks:setUp:86" [INFO]- 断言数据:"code": 200
2023-04-25 17:36:00,067 "tasks:setUp:88" [INFO]- 提取参数:code||"code": (\d+);ip||"ip": "(((2(5[0-5]|[0-4]\d))|[0-1]?\d{1,2})(\.((2(5[0-5]|[0-4]\d))|[0-1]?\d{1,2})){3})"
2023-04-25 17:36:00,070 "process_data:request_process:44" [INFO]- -------- 开始调用接口 --------
2023-04-25 17:36:00,080 "process_data:request_process:69" [INFO]- 接口地址:http://192.168.31.205:8000/atp/post_test/
2023-04-25 17:36:00,081 "process_data:request_process:70" [INFO]- 请求数据:{"id":1,"name":"啊啊啊啊啊"}
2023-04-25 17:36:00,082 "tasks:setUp:145" [INFO]- 响应数据:{"code": 200, "msg": "查询成功", "server": {"id": 1, "env": "dev", "ip": "192.168.31.205", "port": "8000", "remark": "开发环境"}, "name": "啊啊啊啊啊"}
2023-04-25 17:36:00,084 "tasks:testMethod:174" [INFO]- 断言关键字【"code": 200】匹配成功
2023-04-25 17:36:00,084 "process_data:get_var_from_response:114" [INFO]- 变量公式:code||"code": (\d+);ip||"ip": "(((2(5[0-5]|[0-4]\d))|[0-1]?\d{1,2})(\.((2(5[0-5]|[0-4]\d))|[0-1]?\d{1,2})){3})"
2023-04-25 17:36:00,085 "process_data:get_var_from_response:121" [INFO]- 变量名称:code
2023-04-25 17:36:00,085 "process_data:get_var_from_response:123" [INFO]- 提取正则:"code": (\d+)
2023-04-25 17:36:00,086 "process_data:get_var_from_response:121" [INFO]- 变量名称:ip
2023-04-25 17:36:00,086 "process_data:get_var_from_response:123" [INFO]- 提取正则:"ip": "(((2(5[0-5]|[0-4]\d))|[0-1]?\d{1,2})(\.((2(5[0-5]|[0-4]\d))|[0-1]?\d{1,2})){3})"
2023-04-25 17:36:00,087 "process_data:get_var_from_response:134" [INFO]- 现全局变量:{"current_id_160": {"code": "200", "ip": "192.168.31.205"}}
2023-04-25 17:36:00,089 "tasks:tearDown:195" [INFO]- 用例【无入参，有出参】执行成功！
2023-04-25 17:36:00,093 "tasks:setUp:52" [INFO]-                                                   
2023-04-25 17:36:00,097 "tasks:setUp:56" [INFO]- ######### 开始执行用例【有入参，有出参】##########
2023-04-25 17:36:00,102 "tasks:setUp:74" [INFO]- 所属项目:这是一个测试项目4
2023-04-25 17:36:00,103 "tasks:setUp:76" [INFO]- 所属模块:这是一个测试模块4
2023-04-25 17:36:00,104 "tasks:setUp:78" [INFO]- 接口名称:/atp/get_test/
2023-04-25 17:36:00,104 "tasks:setUp:80" [INFO]- 请求方法:get
2023-04-25 17:36:00,106 "tasks:setUp:82" [INFO]- 接口地址:http://192.168.31.205:8000/atp/get_test/
2023-04-25 17:36:00,106 "tasks:setUp:84" [INFO]- 请求数据:{"id":1,"name":"啊啊啊啊啊","code":"${code}","ip":"${ip}"}
2023-04-25 17:36:00,107 "tasks:setUp:86" [INFO]- 断言数据:"code": 200
2023-04-25 17:36:00,108 "tasks:setUp:88" [INFO]- 提取参数:method||"method": "(\w+)"
2023-04-25 17:36:00,111 "process_data:request_process:44" [INFO]- -------- 开始调用接口 --------
2023-04-25 17:36:00,122 "process_data:request_process:49" [INFO]- 接口地址:http://192.168.31.205:8000/atp/get_test/?id=1&name=%E5%95%8A%E5%95%8A%E5%95%8A%E5%95%8A%E5%95%8A&code=200&ip=192.168.31.205
2023-04-25 17:36:00,123 "process_data:request_process:50" [INFO]- 请求数据:{"id":1,"name":"啊啊啊啊啊","code":"200","ip":"192.168.31.205"}
2023-04-25 17:36:00,124 "tasks:setUp:145" [INFO]- 响应数据:{"code": 200, "msg": "get查询成功", "server": {"id": 1, "env": "dev", "ip": "192.168.31.205", "port": "8000", "remark": "开发环境"}, "name": "啊啊啊啊啊", "method": "get"}
2023-04-25 17:36:00,124 "tasks:testMethod:174" [INFO]- 断言关键字【"code": 200】匹配成功
2023-04-25 17:36:00,125 "process_data:get_var_from_response:114" [INFO]- 变量公式:method||"method": "(\w+)"
2023-04-25 17:36:00,125 "process_data:get_var_from_response:121" [INFO]- 变量名称:method
2023-04-25 17:36:00,126 "process_data:get_var_from_response:123" [INFO]- 提取正则:"method": "(\w+)"
2023-04-25 17:36:00,126 "process_data:get_var_from_response:134" [INFO]- 现全局变量:{"current_id_160": {"code": "200", "ip": "192.168.31.205"}, "current_id_161": {"method": "get"}}
2023-04-25 17:36:00,127 "tasks:tearDown:195" [INFO]- 用例【有入参，有出参】执行成功！
2023-04-25 17:36:00,130 "tasks:setUp:52" [INFO]-                                                   
2023-04-25 17:36:00,133 "tasks:setUp:56" [INFO]- ######### 开始执行用例【有入参，无出参】##########
2023-04-25 17:36:00,137 "tasks:setUp:74" [INFO]- 所属项目:这是一个测试项目4
2023-04-25 17:36:00,138 "tasks:setUp:76" [INFO]- 所属模块:这是一个测试模块4
2023-04-25 17:36:00,138 "tasks:setUp:78" [INFO]- 接口名称:/atp/post_test/
2023-04-25 17:36:00,139 "tasks:setUp:80" [INFO]- 请求方法:post
2023-04-25 17:36:00,140 "tasks:setUp:82" [INFO]- 接口地址:http://192.168.31.205:8000/atp/post_test/
2023-04-25 17:36:00,142 "tasks:setUp:84" [INFO]- 请求数据:{"id":1,"name":"啊啊啊啊啊","method":"${method}"}
2023-04-25 17:36:00,142 "tasks:setUp:86" [INFO]- 断言数据:"code": 200
2023-04-25 17:36:00,143 "tasks:setUp:88" [INFO]- 提取参数:None
2023-04-25 17:36:00,147 "process_data:request_process:44" [INFO]- -------- 开始调用接口 --------
2023-04-25 17:36:00,155 "process_data:request_process:69" [INFO]- 接口地址:http://192.168.31.205:8000/atp/post_test/
2023-04-25 17:36:00,156 "process_data:request_process:70" [INFO]- 请求数据:{"id":1,"name":"啊啊啊啊啊","method":"get"}
2023-04-25 17:36:00,156 "tasks:setUp:145" [INFO]- 响应数据:{"code": 200, "msg": "查询成功", "server": {"id": 1, "env": "dev", "ip": "192.168.31.205", "port": "8000", "remark": "开发环境"}, "name": "啊啊啊啊啊"}
2023-04-25 17:36:00,157 "tasks:testMethod:174" [INFO]- 断言关键字【"code": 200】匹配成功
2023-04-25 17:36:00,158 "tasks:tearDown:195" [INFO]- 用例【有入参，无出参】执行成功！
2023-04-25 17:36:00,160 "tasks:setUp:52" [INFO]-                                                   
2023-04-25 17:36:00,164 "tasks:setUp:56" [INFO]- ######### 开始执行用例【无入参，无出参，多错误断言】##########
2023-04-25 17:36:00,166 "tasks:setUp:74" [INFO]- 所属项目:这是一个测试项目4
2023-04-25 17:36:00,167 "tasks:setUp:76" [INFO]- 所属模块:这是一个测试模块4
2023-04-25 17:36:00,168 "tasks:setUp:78" [INFO]- 接口名称:/atp/post_test/
2023-04-25 17:36:00,168 "tasks:setUp:80" [INFO]- 请求方法:post
2023-04-25 17:36:00,169 "tasks:setUp:82" [INFO]- 接口地址:http://192.168.31.205:8000/atp/post_test/
2023-04-25 17:36:00,169 "tasks:setUp:84" [INFO]- 请求数据:{"id":1,"name":"啊啊啊啊啊"}
2023-04-25 17:36:00,170 "tasks:setUp:86" [INFO]- 断言数据:"code": 200;"msg": "啊啊啊啊"
2023-04-25 17:36:00,170 "tasks:setUp:88" [INFO]- 提取参数:None
2023-04-25 17:36:00,173 "process_data:request_process:44" [INFO]- -------- 开始调用接口 --------
2023-04-25 17:36:00,182 "process_data:request_process:69" [INFO]- 接口地址:http://192.168.31.205:8000/atp/post_test/
2023-04-25 17:36:00,182 "process_data:request_process:70" [INFO]- 请求数据:{"id":1,"name":"啊啊啊啊啊"}
2023-04-25 17:36:00,183 "tasks:setUp:145" [INFO]- 响应数据:{"code": 200, "msg": "查询成功", "server": {"id": 1, "env": "dev", "ip": "192.168.31.205", "port": "8000", "remark": "开发环境"}, "name": "啊啊啊啊啊"}
2023-04-25 17:36:00,183 "tasks:testMethod:174" [INFO]- 断言关键字【"code": 200】匹配成功
2023-04-25 17:36:00,185 "tasks:testMethod:168" [INFO]- 断言关键字【"msg": "啊啊啊啊"】匹配失败
2023-04-25 17:36:00,185 "tasks:tearDown:198" [INFO]- 用例【无入参，无出参，多错误断言】执行失败,请检查错误！
2023-04-27 16:45:00,143 "tasks:setUp:52" [INFO]-                                                   
2023-04-27 16:45:00,146 "tasks:setUp:56" [INFO]- ######### 开始执行用例【无入参，无出参，单正确断言】##########
2023-04-27 16:45:00,150 "tasks:setUp:74" [INFO]- 所属项目:这是一个测试项目6
2023-04-27 16:45:00,151 "tasks:setUp:76" [INFO]- 所属模块:这是一个测试模块6
2023-04-27 16:45:00,151 "tasks:setUp:78" [INFO]- 接口名称:/atp/post_test/
2023-04-27 16:45:00,152 "tasks:setUp:80" [INFO]- 请求方法:post
2023-04-27 16:45:00,153 "tasks:setUp:82" [INFO]- 接口地址:http://192.168.31.205:8000/atp/post_test/
2023-04-27 16:45:00,154 "tasks:setUp:84" [INFO]- 请求数据:{"id":1,"name":"啊啊啊啊啊"}
2023-04-27 16:45:00,155 "tasks:setUp:86" [INFO]- 断言数据:"code": 200
2023-04-27 16:45:00,156 "tasks:setUp:88" [INFO]- 提取参数:None
2023-04-27 16:45:00,160 "process_data:request_process:44" [INFO]- -------- 开始调用接口 --------
2023-04-27 16:45:00,176 "process_data:request_process:69" [INFO]- 接口地址:http://192.168.31.205:8000/atp/post_test/
2023-04-27 16:45:00,176 "process_data:request_process:70" [INFO]- 请求数据:{"id":1,"name":"啊啊啊啊啊"}
2023-04-27 16:45:00,178 "tasks:setUp:145" [INFO]- 响应数据:{"code": 200, "msg": "查询成功", "server": {"id": 1, "env": "dev", "ip": "192.168.31.205", "port": "8000", "remark": "开发环境"}, "name": "啊啊啊啊啊"}
2023-04-27 16:45:00,178 "tasks:testMethod:174" [INFO]- 断言关键字【"code": 200】匹配成功
2023-04-27 16:45:00,179 "tasks:tearDown:195" [INFO]- 用例【无入参，无出参，单正确断言】执行成功！
2023-04-27 16:45:00,183 "tasks:setUp:52" [INFO]-                                                   
2023-04-27 16:45:00,185 "tasks:setUp:56" [INFO]- ######### 开始执行用例【无入参，无出参，多正确断言】##########
2023-04-27 16:45:00,188 "tasks:setUp:74" [INFO]- 所属项目:这是一个测试项目6
2023-04-27 16:45:00,189 "tasks:setUp:76" [INFO]- 所属模块:这是一个测试模块6
2023-04-27 16:45:00,189 "tasks:setUp:78" [INFO]- 接口名称:/atp/post_test/
2023-04-27 16:45:00,190 "tasks:setUp:80" [INFO]- 请求方法:post
2023-04-27 16:45:00,191 "tasks:setUp:82" [INFO]- 接口地址:http://192.168.31.205:8000/atp/post_test/
2023-04-27 16:45:00,191 "tasks:setUp:84" [INFO]- 请求数据:{"id":1,"name":"啊啊啊啊啊"}
2023-04-27 16:45:00,192 "tasks:setUp:86" [INFO]- 断言数据:"code": 200;"msg": "查询成功"
2023-04-27 16:45:00,193 "tasks:setUp:88" [INFO]- 提取参数:None
2023-04-27 16:45:00,196 "process_data:request_process:44" [INFO]- -------- 开始调用接口 --------
2023-04-27 16:45:00,207 "process_data:request_process:69" [INFO]- 接口地址:http://192.168.31.205:8000/atp/post_test/
2023-04-27 16:45:00,207 "process_data:request_process:70" [INFO]- 请求数据:{"id":1,"name":"啊啊啊啊啊"}
2023-04-27 16:45:00,208 "tasks:setUp:145" [INFO]- 响应数据:{"code": 200, "msg": "查询成功", "server": {"id": 1, "env": "dev", "ip": "192.168.31.205", "port": "8000", "remark": "开发环境"}, "name": "啊啊啊啊啊"}
2023-04-27 16:45:00,209 "tasks:testMethod:174" [INFO]- 断言关键字【"code": 200】匹配成功
2023-04-27 16:45:00,209 "tasks:testMethod:174" [INFO]- 断言关键字【"msg": "查询成功"】匹配成功
2023-04-27 16:45:00,210 "tasks:tearDown:195" [INFO]- 用例【无入参，无出参，多正确断言】执行成功！
2023-04-27 16:45:00,212 "tasks:setUp:52" [INFO]-                                                   
2023-04-27 16:45:00,215 "tasks:setUp:56" [INFO]- ######### 开始执行用例【无入参，无出参，错误断言】##########
2023-04-27 16:45:00,218 "tasks:setUp:74" [INFO]- 所属项目:这是一个测试项目6
2023-04-27 16:45:00,219 "tasks:setUp:76" [INFO]- 所属模块:这是一个测试模块6
2023-04-27 16:45:00,220 "tasks:setUp:78" [INFO]- 接口名称:/atp/post_test/
2023-04-27 16:45:00,220 "tasks:setUp:80" [INFO]- 请求方法:post
2023-04-27 16:45:00,221 "tasks:setUp:82" [INFO]- 接口地址:http://192.168.31.205:8000/atp/post_test/
2023-04-27 16:45:00,222 "tasks:setUp:84" [INFO]- 请求数据:{"id":1,"name":"啊啊啊啊啊"}
2023-04-27 16:45:00,223 "tasks:setUp:86" [INFO]- 断言数据:"code": 300
2023-04-27 16:45:00,223 "tasks:setUp:88" [INFO]- 提取参数:None
2023-04-27 16:45:00,227 "process_data:request_process:44" [INFO]- -------- 开始调用接口 --------
2023-04-27 16:45:00,235 "process_data:request_process:69" [INFO]- 接口地址:http://192.168.31.205:8000/atp/post_test/
2023-04-27 16:45:00,235 "process_data:request_process:70" [INFO]- 请求数据:{"id":1,"name":"啊啊啊啊啊"}
2023-04-27 16:45:00,236 "tasks:setUp:145" [INFO]- 响应数据:{"code": 200, "msg": "查询成功", "server": {"id": 1, "env": "dev", "ip": "192.168.31.205", "port": "8000", "remark": "开发环境"}, "name": "啊啊啊啊啊"}
2023-04-27 16:45:00,237 "tasks:testMethod:168" [INFO]- 断言关键字【"code": 300】匹配失败
2023-04-27 16:45:00,238 "tasks:tearDown:198" [INFO]- 用例【无入参，无出参，错误断言】执行失败,请检查错误！
2023-04-27 16:45:00,243 "tasks:setUp:52" [INFO]-                                                   
2023-04-27 16:45:00,246 "tasks:setUp:56" [INFO]- ######### 开始执行用例【无入参，无出参，多错误断言】##########
2023-04-27 16:45:00,249 "tasks:setUp:74" [INFO]- 所属项目:这是一个测试项目6
2023-04-27 16:45:00,249 "tasks:setUp:76" [INFO]- 所属模块:这是一个测试模块6
2023-04-27 16:45:00,250 "tasks:setUp:78" [INFO]- 接口名称:/atp/post_test/
2023-04-27 16:45:00,251 "tasks:setUp:80" [INFO]- 请求方法:post
2023-04-27 16:45:00,251 "tasks:setUp:82" [INFO]- 接口地址:http://192.168.31.205:8000/atp/post_test/
2023-04-27 16:45:00,251 "tasks:setUp:84" [INFO]- 请求数据:{"id":1,"name":"啊啊啊啊啊"}
2023-04-27 16:45:00,252 "tasks:setUp:86" [INFO]- 断言数据:"code": 201;"msg": "查询成功"
2023-04-27 16:45:00,253 "tasks:setUp:88" [INFO]- 提取参数:None
2023-04-27 16:45:00,255 "process_data:request_process:44" [INFO]- -------- 开始调用接口 --------
2023-04-27 16:45:00,263 "process_data:request_process:69" [INFO]- 接口地址:http://192.168.31.205:8000/atp/post_test/
2023-04-27 16:45:00,264 "process_data:request_process:70" [INFO]- 请求数据:{"id":1,"name":"啊啊啊啊啊"}
2023-04-27 16:45:00,265 "tasks:setUp:145" [INFO]- 响应数据:{"code": 200, "msg": "查询成功", "server": {"id": 1, "env": "dev", "ip": "192.168.31.205", "port": "8000", "remark": "开发环境"}, "name": "啊啊啊啊啊"}
2023-04-27 16:45:00,265 "tasks:testMethod:168" [INFO]- 断言关键字【"code": 201】匹配失败
2023-04-27 16:45:00,266 "tasks:tearDown:198" [INFO]- 用例【无入参，无出参，多错误断言】执行失败,请检查错误！
2023-04-27 16:45:00,269 "tasks:setUp:52" [INFO]-                                                   
2023-04-27 16:45:00,271 "tasks:setUp:56" [INFO]- ######### 开始执行用例【无入参，无出参，多错误断言】##########
2023-04-27 16:45:00,273 "tasks:setUp:74" [INFO]- 所属项目:这是一个测试项目6
2023-04-27 16:45:00,274 "tasks:setUp:76" [INFO]- 所属模块:这是一个测试模块6
2023-04-27 16:45:00,275 "tasks:setUp:78" [INFO]- 接口名称:/atp/post_test/
2023-04-27 16:45:00,275 "tasks:setUp:80" [INFO]- 请求方法:post
2023-04-27 16:45:00,276 "tasks:setUp:82" [INFO]- 接口地址:http://192.168.31.205:8000/atp/post_test/
2023-04-27 16:45:00,277 "tasks:setUp:84" [INFO]- 请求数据:{"id":1,"name":"啊啊啊啊啊"}
2023-04-27 16:45:00,278 "tasks:setUp:86" [INFO]- 断言数据:"code": 200;"msg": "啊啊啊啊"
2023-04-27 16:45:00,279 "tasks:setUp:88" [INFO]- 提取参数:None
2023-04-27 16:45:00,281 "process_data:request_process:44" [INFO]- -------- 开始调用接口 --------
2023-04-27 16:45:00,291 "process_data:request_process:69" [INFO]- 接口地址:http://192.168.31.205:8000/atp/post_test/
2023-04-27 16:45:00,292 "process_data:request_process:70" [INFO]- 请求数据:{"id":1,"name":"啊啊啊啊啊"}
2023-04-27 16:45:00,293 "tasks:setUp:145" [INFO]- 响应数据:{"code": 200, "msg": "查询成功", "server": {"id": 1, "env": "dev", "ip": "192.168.31.205", "port": "8000", "remark": "开发环境"}, "name": "啊啊啊啊啊"}
2023-04-27 16:45:00,294 "tasks:testMethod:174" [INFO]- 断言关键字【"code": 200】匹配成功
2023-04-27 16:45:00,295 "tasks:testMethod:168" [INFO]- 断言关键字【"msg": "啊啊啊啊"】匹配失败
2023-04-27 16:45:00,296 "tasks:tearDown:198" [INFO]- 用例【无入参，无出参，多错误断言】执行失败,请检查错误！
2023-04-27 16:45:00,298 "tasks:setUp:52" [INFO]-                                                   
2023-04-27 16:45:00,300 "tasks:setUp:56" [INFO]- ######### 开始执行用例【无入参，无出参，get测试】##########
2023-04-27 16:45:00,303 "tasks:setUp:74" [INFO]- 所属项目:这是一个测试项目6
2023-04-27 16:45:00,303 "tasks:setUp:76" [INFO]- 所属模块:这是一个测试模块6
2023-04-27 16:45:00,304 "tasks:setUp:78" [INFO]- 接口名称:/atp/get_test/
2023-04-27 16:45:00,305 "tasks:setUp:80" [INFO]- 请求方法:get
2023-04-27 16:45:00,305 "tasks:setUp:82" [INFO]- 接口地址:http://192.168.31.205:8000/atp/get_test/
2023-04-27 16:45:00,306 "tasks:setUp:84" [INFO]- 请求数据:{"id":1,"name":123}
2023-04-27 16:45:00,307 "tasks:setUp:86" [INFO]- 断言数据:"code": 200
2023-04-27 16:45:00,308 "tasks:setUp:88" [INFO]- 提取参数:None
2023-04-27 16:45:00,310 "process_data:request_process:44" [INFO]- -------- 开始调用接口 --------
2023-04-27 16:45:00,318 "process_data:request_process:49" [INFO]- 接口地址:http://192.168.31.205:8000/atp/get_test/?id=1&name=123
2023-04-27 16:45:00,319 "process_data:request_process:50" [INFO]- 请求数据:{"id":1,"name":123}
2023-04-27 16:45:00,320 "tasks:setUp:145" [INFO]- 响应数据:{"code": 200, "msg": "get查询成功", "server": {"id": 1, "env": "dev", "ip": "192.168.31.205", "port": "8000", "remark": "开发环境"}, "name": "123", "method": "get"}
2023-04-27 16:45:00,321 "tasks:testMethod:174" [INFO]- 断言关键字【"code": 200】匹配成功
2023-04-27 16:45:00,321 "tasks:tearDown:195" [INFO]- 用例【无入参，无出参，get测试】执行成功！
2023-04-27 16:45:00,324 "tasks:setUp:52" [INFO]-                                                   
2023-04-27 16:45:00,327 "tasks:setUp:56" [INFO]- ######### 开始执行用例【无入参，无出参，put测试】##########
2023-04-27 16:45:00,331 "tasks:setUp:74" [INFO]- 所属项目:这是一个测试项目6
2023-04-27 16:45:00,332 "tasks:setUp:76" [INFO]- 所属模块:这是一个测试模块6
2023-04-27 16:45:00,333 "tasks:setUp:78" [INFO]- 接口名称:/atp/put_test/
2023-04-27 16:45:00,334 "tasks:setUp:80" [INFO]- 请求方法:put
2023-04-27 16:45:00,335 "tasks:setUp:82" [INFO]- 接口地址:http://192.168.31.205:8000/atp/put_test/
2023-04-27 16:45:00,336 "tasks:setUp:84" [INFO]- 请求数据:{"id":1,"name":"1111111"}
2023-04-27 16:45:00,336 "tasks:setUp:86" [INFO]- 断言数据:"code": 200
2023-04-27 16:45:00,337 "tasks:setUp:88" [INFO]- 提取参数:None
2023-04-27 16:45:00,340 "process_data:request_process:44" [INFO]- -------- 开始调用接口 --------
2023-04-27 16:45:00,346 "process_data:request_process:89" [INFO]- 接口地址:http://192.168.31.205:8000/atp/put_test/
2023-04-27 16:45:00,347 "process_data:request_process:90" [INFO]- 请求数据:{"id":1,"name":"1111111"}
2023-04-27 16:45:00,348 "tasks:setUp:145" [INFO]- 响应数据:{"code": 200, "msg": "put查询成功", "id": 1, "name": "name"}
2023-04-27 16:45:00,349 "tasks:testMethod:174" [INFO]- 断言关键字【"code": 200】匹配成功
2023-04-27 16:45:00,349 "tasks:tearDown:195" [INFO]- 用例【无入参，无出参，put测试】执行成功！
2023-04-27 16:45:00,353 "tasks:setUp:52" [INFO]-                                                   
2023-04-27 16:45:00,357 "tasks:setUp:56" [INFO]- ######### 开始执行用例【无入参，有出参】##########
2023-04-27 16:45:00,361 "tasks:setUp:74" [INFO]- 所属项目:这是一个测试项目6
2023-04-27 16:45:00,362 "tasks:setUp:76" [INFO]- 所属模块:这是一个测试模块6
2023-04-27 16:45:00,362 "tasks:setUp:78" [INFO]- 接口名称:/atp/post_test/
2023-04-27 16:45:00,363 "tasks:setUp:80" [INFO]- 请求方法:post
2023-04-27 16:45:00,363 "tasks:setUp:82" [INFO]- 接口地址:http://192.168.31.205:8000/atp/post_test/
2023-04-27 16:45:00,364 "tasks:setUp:84" [INFO]- 请求数据:{"id":1,"name":"啊啊啊啊啊"}
2023-04-27 16:45:00,365 "tasks:setUp:86" [INFO]- 断言数据:"code": 200
2023-04-27 16:45:00,365 "tasks:setUp:88" [INFO]- 提取参数:code||"code": (\d+);ip||"ip": "(((2(5[0-5]|[0-4]\d))|[0-1]?\d{1,2})(\.((2(5[0-5]|[0-4]\d))|[0-1]?\d{1,2})){3})"
2023-04-27 16:45:00,367 "process_data:request_process:44" [INFO]- -------- 开始调用接口 --------
2023-04-27 16:45:00,375 "process_data:request_process:69" [INFO]- 接口地址:http://192.168.31.205:8000/atp/post_test/
2023-04-27 16:45:00,376 "process_data:request_process:70" [INFO]- 请求数据:{"id":1,"name":"啊啊啊啊啊"}
2023-04-27 16:45:00,377 "tasks:setUp:145" [INFO]- 响应数据:{"code": 200, "msg": "查询成功", "server": {"id": 1, "env": "dev", "ip": "192.168.31.205", "port": "8000", "remark": "开发环境"}, "name": "啊啊啊啊啊"}
2023-04-27 16:45:00,378 "tasks:testMethod:174" [INFO]- 断言关键字【"code": 200】匹配成功
2023-04-27 16:45:00,379 "process_data:get_var_from_response:114" [INFO]- 变量公式:code||"code": (\d+);ip||"ip": "(((2(5[0-5]|[0-4]\d))|[0-1]?\d{1,2})(\.((2(5[0-5]|[0-4]\d))|[0-1]?\d{1,2})){3})"
2023-04-27 16:45:00,380 "process_data:get_var_from_response:121" [INFO]- 变量名称:code
2023-04-27 16:45:00,380 "process_data:get_var_from_response:123" [INFO]- 提取正则:"code": (\d+)
2023-04-27 16:45:00,382 "process_data:get_var_from_response:121" [INFO]- 变量名称:ip
2023-04-27 16:45:00,382 "process_data:get_var_from_response:123" [INFO]- 提取正则:"ip": "(((2(5[0-5]|[0-4]\d))|[0-1]?\d{1,2})(\.((2(5[0-5]|[0-4]\d))|[0-1]?\d{1,2})){3})"
2023-04-27 16:45:00,383 "process_data:get_var_from_response:134" [INFO]- 现全局变量:{"current_id_170": {"code": "200", "ip": "192.168.31.205"}}
2023-04-27 16:45:00,384 "tasks:tearDown:195" [INFO]- 用例【无入参，有出参】执行成功！
2023-04-27 16:45:00,386 "tasks:setUp:52" [INFO]-                                                   
2023-04-27 16:45:00,389 "tasks:setUp:56" [INFO]- ######### 开始执行用例【有入参，有出参】##########
2023-04-27 16:45:00,396 "tasks:setUp:74" [INFO]- 所属项目:这是一个测试项目6
2023-04-27 16:45:00,397 "tasks:setUp:76" [INFO]- 所属模块:这是一个测试模块6
2023-04-27 16:45:00,397 "tasks:setUp:78" [INFO]- 接口名称:/atp/get_test/
2023-04-27 16:45:00,398 "tasks:setUp:80" [INFO]- 请求方法:get
2023-04-27 16:45:00,399 "tasks:setUp:82" [INFO]- 接口地址:http://192.168.31.205:8000/atp/get_test/
2023-04-27 16:45:00,400 "tasks:setUp:84" [INFO]- 请求数据:{"id":1,"name":"啊啊啊啊啊","code":"${code}","ip":"${ip}"}
2023-04-27 16:45:00,401 "tasks:setUp:86" [INFO]- 断言数据:"code": 200
2023-04-27 16:45:00,402 "tasks:setUp:88" [INFO]- 提取参数:method||"method": "(\w+)"
2023-04-27 16:45:00,406 "process_data:request_process:44" [INFO]- -------- 开始调用接口 --------
2023-04-27 16:45:00,415 "process_data:request_process:49" [INFO]- 接口地址:http://192.168.31.205:8000/atp/get_test/?id=1&name=%E5%95%8A%E5%95%8A%E5%95%8A%E5%95%8A%E5%95%8A&code=200&ip=192.168.31.205
2023-04-27 16:45:00,416 "process_data:request_process:50" [INFO]- 请求数据:{"id":1,"name":"啊啊啊啊啊","code":"200","ip":"192.168.31.205"}
2023-04-27 16:45:00,417 "tasks:setUp:145" [INFO]- 响应数据:{"code": 200, "msg": "get查询成功", "server": {"id": 1, "env": "dev", "ip": "192.168.31.205", "port": "8000", "remark": "开发环境"}, "name": "啊啊啊啊啊", "method": "get"}
2023-04-27 16:45:00,418 "tasks:testMethod:174" [INFO]- 断言关键字【"code": 200】匹配成功
2023-04-27 16:45:00,419 "process_data:get_var_from_response:114" [INFO]- 变量公式:method||"method": "(\w+)"
2023-04-27 16:45:00,419 "process_data:get_var_from_response:121" [INFO]- 变量名称:method
2023-04-27 16:45:00,420 "process_data:get_var_from_response:123" [INFO]- 提取正则:"method": "(\w+)"
2023-04-27 16:45:00,421 "process_data:get_var_from_response:134" [INFO]- 现全局变量:{"current_id_170": {"code": "200", "ip": "192.168.31.205"}, "current_id_171": {"method": "get"}}
2023-04-27 16:45:00,422 "tasks:tearDown:195" [INFO]- 用例【有入参，有出参】执行成功！
2023-04-27 16:45:00,425 "tasks:setUp:52" [INFO]-                                                   
2023-04-27 16:45:00,428 "tasks:setUp:56" [INFO]- ######### 开始执行用例【有入参，无出参】##########
2023-04-27 16:45:00,432 "tasks:setUp:74" [INFO]- 所属项目:这是一个测试项目6
2023-04-27 16:45:00,433 "tasks:setUp:76" [INFO]- 所属模块:这是一个测试模块6
2023-04-27 16:45:00,434 "tasks:setUp:78" [INFO]- 接口名称:/atp/post_test/
2023-04-27 16:45:00,435 "tasks:setUp:80" [INFO]- 请求方法:post
2023-04-27 16:45:00,435 "tasks:setUp:82" [INFO]- 接口地址:http://192.168.31.205:8000/atp/post_test/
2023-04-27 16:45:00,437 "tasks:setUp:84" [INFO]- 请求数据:{"id":1,"name":"啊啊啊啊啊","method":"${method}"}
2023-04-27 16:45:00,438 "tasks:setUp:86" [INFO]- 断言数据:"code": 200
2023-04-27 16:45:00,440 "tasks:setUp:88" [INFO]- 提取参数:None
2023-04-27 16:45:00,444 "process_data:request_process:44" [INFO]- -------- 开始调用接口 --------
2023-04-27 16:45:00,452 "process_data:request_process:69" [INFO]- 接口地址:http://192.168.31.205:8000/atp/post_test/
2023-04-27 16:45:00,453 "process_data:request_process:70" [INFO]- 请求数据:{"id":1,"name":"啊啊啊啊啊","method":"get"}
2023-04-27 16:45:00,454 "tasks:setUp:145" [INFO]- 响应数据:{"code": 200, "msg": "查询成功", "server": {"id": 1, "env": "dev", "ip": "192.168.31.205", "port": "8000", "remark": "开发环境"}, "name": "啊啊啊啊啊"}
2023-04-27 16:45:00,456 "tasks:testMethod:174" [INFO]- 断言关键字【"code": 200】匹配成功
2023-04-27 16:45:00,456 "tasks:tearDown:195" [INFO]- 用例【有入参，无出参】执行成功！
2023-04-27 16:47:00,118 "tasks:setUp:52" [INFO]-                                                   
2023-04-27 16:47:00,121 "tasks:setUp:56" [INFO]- ######### 开始执行用例【无入参，无出参，单正确断言】##########
2023-04-27 16:47:00,125 "tasks:setUp:74" [INFO]- 所属项目:这是一个测试项目6
2023-04-27 16:47:00,126 "tasks:setUp:76" [INFO]- 所属模块:这是一个测试模块6
2023-04-27 16:47:00,128 "tasks:setUp:78" [INFO]- 接口名称:/atp/post_test/
2023-04-27 16:47:00,130 "tasks:setUp:80" [INFO]- 请求方法:post
2023-04-27 16:47:00,131 "tasks:setUp:82" [INFO]- 接口地址:http://192.168.31.205:8000/atp/post_test/
2023-04-27 16:47:00,132 "tasks:setUp:84" [INFO]- 请求数据:{"id":1,"name":"啊啊啊啊啊"}
2023-04-27 16:47:00,133 "tasks:setUp:86" [INFO]- 断言数据:"code": 200
2023-04-27 16:47:00,133 "tasks:setUp:88" [INFO]- 提取参数:None
2023-04-27 16:47:00,136 "process_data:request_process:44" [INFO]- -------- 开始调用接口 --------
2023-04-27 16:47:00,144 "process_data:request_process:69" [INFO]- 接口地址:http://192.168.31.205:8000/atp/post_test/
2023-04-27 16:47:00,145 "process_data:request_process:70" [INFO]- 请求数据:{"id":1,"name":"啊啊啊啊啊"}
2023-04-27 16:47:00,147 "tasks:setUp:145" [INFO]- 响应数据:{"code": 200, "msg": "查询成功", "server": {"id": 1, "env": "dev", "ip": "192.168.31.205", "port": "8000", "remark": "开发环境"}, "name": "啊啊啊啊啊"}
2023-04-27 16:47:00,148 "tasks:testMethod:174" [INFO]- 断言关键字【"code": 200】匹配成功
2023-04-27 16:47:00,149 "tasks:tearDown:195" [INFO]- 用例【无入参，无出参，单正确断言】执行成功！
2023-04-27 16:47:00,153 "tasks:setUp:52" [INFO]-                                                   
2023-04-27 16:47:00,156 "tasks:setUp:56" [INFO]- ######### 开始执行用例【无入参，无出参，多正确断言】##########
2023-04-27 16:47:00,160 "tasks:setUp:74" [INFO]- 所属项目:这是一个测试项目6
2023-04-27 16:47:00,160 "tasks:setUp:76" [INFO]- 所属模块:这是一个测试模块6
2023-04-27 16:47:00,161 "tasks:setUp:78" [INFO]- 接口名称:/atp/post_test/
2023-04-27 16:47:00,161 "tasks:setUp:80" [INFO]- 请求方法:post
2023-04-27 16:47:00,162 "tasks:setUp:82" [INFO]- 接口地址:http://192.168.31.205:8000/atp/post_test/
2023-04-27 16:47:00,162 "tasks:setUp:84" [INFO]- 请求数据:{"id":1,"name":"啊啊啊啊啊"}
2023-04-27 16:47:00,163 "tasks:setUp:86" [INFO]- 断言数据:"code": 200;"msg": "查询成功"
2023-04-27 16:47:00,164 "tasks:setUp:88" [INFO]- 提取参数:None
2023-04-27 16:47:00,166 "process_data:request_process:44" [INFO]- -------- 开始调用接口 --------
2023-04-27 16:47:00,174 "process_data:request_process:69" [INFO]- 接口地址:http://192.168.31.205:8000/atp/post_test/
2023-04-27 16:47:00,175 "process_data:request_process:70" [INFO]- 请求数据:{"id":1,"name":"啊啊啊啊啊"}
2023-04-27 16:47:00,176 "tasks:setUp:145" [INFO]- 响应数据:{"code": 200, "msg": "查询成功", "server": {"id": 1, "env": "dev", "ip": "192.168.31.205", "port": "8000", "remark": "开发环境"}, "name": "啊啊啊啊啊"}
2023-04-27 16:47:00,176 "tasks:testMethod:174" [INFO]- 断言关键字【"code": 200】匹配成功
2023-04-27 16:47:00,177 "tasks:testMethod:174" [INFO]- 断言关键字【"msg": "查询成功"】匹配成功
2023-04-27 16:47:00,178 "tasks:tearDown:195" [INFO]- 用例【无入参，无出参，多正确断言】执行成功！
2023-04-27 16:47:00,180 "tasks:setUp:52" [INFO]-                                                   
2023-04-27 16:47:00,182 "tasks:setUp:56" [INFO]- ######### 开始执行用例【无入参，无出参，错误断言】##########
2023-04-27 16:47:00,185 "tasks:setUp:74" [INFO]- 所属项目:这是一个测试项目6
2023-04-27 16:47:00,186 "tasks:setUp:76" [INFO]- 所属模块:这是一个测试模块6
2023-04-27 16:47:00,186 "tasks:setUp:78" [INFO]- 接口名称:/atp/post_test/
2023-04-27 16:47:00,187 "tasks:setUp:80" [INFO]- 请求方法:post
2023-04-27 16:47:00,188 "tasks:setUp:82" [INFO]- 接口地址:http://192.168.31.205:8000/atp/post_test/
2023-04-27 16:47:00,188 "tasks:setUp:84" [INFO]- 请求数据:{"id":1,"name":"啊啊啊啊啊"}
2023-04-27 16:47:00,189 "tasks:setUp:86" [INFO]- 断言数据:"code": 300
2023-04-27 16:47:00,190 "tasks:setUp:88" [INFO]- 提取参数:None
2023-04-27 16:47:00,194 "process_data:request_process:44" [INFO]- -------- 开始调用接口 --------
2023-04-27 16:47:00,205 "process_data:request_process:69" [INFO]- 接口地址:http://192.168.31.205:8000/atp/post_test/
2023-04-27 16:47:00,206 "process_data:request_process:70" [INFO]- 请求数据:{"id":1,"name":"啊啊啊啊啊"}
2023-04-27 16:47:00,206 "tasks:setUp:145" [INFO]- 响应数据:{"code": 200, "msg": "查询成功", "server": {"id": 1, "env": "dev", "ip": "192.168.31.205", "port": "8000", "remark": "开发环境"}, "name": "啊啊啊啊啊"}
2023-04-27 16:47:00,207 "tasks:testMethod:168" [INFO]- 断言关键字【"code": 300】匹配失败
2023-04-27 16:47:00,208 "tasks:tearDown:198" [INFO]- 用例【无入参，无出参，错误断言】执行失败,请检查错误！
2023-04-27 16:47:00,211 "tasks:setUp:52" [INFO]-                                                   
2023-04-27 16:47:00,215 "tasks:setUp:56" [INFO]- ######### 开始执行用例【无入参，无出参，多错误断言】##########
2023-04-27 16:47:00,219 "tasks:setUp:74" [INFO]- 所属项目:这是一个测试项目6
2023-04-27 16:47:00,220 "tasks:setUp:76" [INFO]- 所属模块:这是一个测试模块6
2023-04-27 16:47:00,222 "tasks:setUp:78" [INFO]- 接口名称:/atp/post_test/
2023-04-27 16:47:00,222 "tasks:setUp:80" [INFO]- 请求方法:post
2023-04-27 16:47:00,223 "tasks:setUp:82" [INFO]- 接口地址:http://192.168.31.205:8000/atp/post_test/
2023-04-27 16:47:00,224 "tasks:setUp:84" [INFO]- 请求数据:{"id":1,"name":"啊啊啊啊啊"}
2023-04-27 16:47:00,225 "tasks:setUp:86" [INFO]- 断言数据:"code": 201;"msg": "查询成功"
2023-04-27 16:47:00,226 "tasks:setUp:88" [INFO]- 提取参数:None
2023-04-27 16:47:00,229 "process_data:request_process:44" [INFO]- -------- 开始调用接口 --------
2023-04-27 16:47:00,236 "process_data:request_process:69" [INFO]- 接口地址:http://192.168.31.205:8000/atp/post_test/
2023-04-27 16:47:00,237 "process_data:request_process:70" [INFO]- 请求数据:{"id":1,"name":"啊啊啊啊啊"}
2023-04-27 16:47:00,238 "tasks:setUp:145" [INFO]- 响应数据:{"code": 200, "msg": "查询成功", "server": {"id": 1, "env": "dev", "ip": "192.168.31.205", "port": "8000", "remark": "开发环境"}, "name": "啊啊啊啊啊"}
2023-04-27 16:47:00,239 "tasks:testMethod:168" [INFO]- 断言关键字【"code": 201】匹配失败
2023-04-27 16:47:00,239 "tasks:tearDown:198" [INFO]- 用例【无入参，无出参，多错误断言】执行失败,请检查错误！
2023-04-27 16:47:00,243 "tasks:setUp:52" [INFO]-                                                   
2023-04-27 16:47:00,246 "tasks:setUp:56" [INFO]- ######### 开始执行用例【无入参，无出参，多错误断言】##########
2023-04-27 16:47:00,249 "tasks:setUp:74" [INFO]- 所属项目:这是一个测试项目6
2023-04-27 16:47:00,250 "tasks:setUp:76" [INFO]- 所属模块:这是一个测试模块6
2023-04-27 16:47:00,250 "tasks:setUp:78" [INFO]- 接口名称:/atp/post_test/
2023-04-27 16:47:00,252 "tasks:setUp:80" [INFO]- 请求方法:post
2023-04-27 16:47:00,253 "tasks:setUp:82" [INFO]- 接口地址:http://192.168.31.205:8000/atp/post_test/
2023-04-27 16:47:00,253 "tasks:setUp:84" [INFO]- 请求数据:{"id":1,"name":"啊啊啊啊啊"}
2023-04-27 16:47:00,254 "tasks:setUp:86" [INFO]- 断言数据:"code": 200;"msg": "啊啊啊啊"
2023-04-27 16:47:00,255 "tasks:setUp:88" [INFO]- 提取参数:None
2023-04-27 16:47:00,259 "process_data:request_process:44" [INFO]- -------- 开始调用接口 --------
2023-04-27 16:47:00,268 "process_data:request_process:69" [INFO]- 接口地址:http://192.168.31.205:8000/atp/post_test/
2023-04-27 16:47:00,269 "process_data:request_process:70" [INFO]- 请求数据:{"id":1,"name":"啊啊啊啊啊"}
2023-04-27 16:47:00,269 "tasks:setUp:145" [INFO]- 响应数据:{"code": 200, "msg": "查询成功", "server": {"id": 1, "env": "dev", "ip": "192.168.31.205", "port": "8000", "remark": "开发环境"}, "name": "啊啊啊啊啊"}
2023-04-27 16:47:00,270 "tasks:testMethod:174" [INFO]- 断言关键字【"code": 200】匹配成功
2023-04-27 16:47:00,271 "tasks:testMethod:168" [INFO]- 断言关键字【"msg": "啊啊啊啊"】匹配失败
2023-04-27 16:47:00,272 "tasks:tearDown:198" [INFO]- 用例【无入参，无出参，多错误断言】执行失败,请检查错误！
2023-04-27 16:47:00,276 "tasks:setUp:52" [INFO]-                                                   
2023-04-27 16:47:00,278 "tasks:setUp:56" [INFO]- ######### 开始执行用例【无入参，无出参，get测试】##########
2023-04-27 16:47:00,281 "tasks:setUp:74" [INFO]- 所属项目:这是一个测试项目6
2023-04-27 16:47:00,282 "tasks:setUp:76" [INFO]- 所属模块:这是一个测试模块6
2023-04-27 16:47:00,282 "tasks:setUp:78" [INFO]- 接口名称:/atp/get_test/
2023-04-27 16:47:00,283 "tasks:setUp:80" [INFO]- 请求方法:get
2023-04-27 16:47:00,284 "tasks:setUp:82" [INFO]- 接口地址:http://192.168.31.205:8000/atp/get_test/
2023-04-27 16:47:00,284 "tasks:setUp:84" [INFO]- 请求数据:{"id":1,"name":123}
2023-04-27 16:47:00,285 "tasks:setUp:86" [INFO]- 断言数据:"code": 200
2023-04-27 16:47:00,286 "tasks:setUp:88" [INFO]- 提取参数:None
2023-04-27 16:47:00,288 "process_data:request_process:44" [INFO]- -------- 开始调用接口 --------
2023-04-27 16:47:00,298 "process_data:request_process:49" [INFO]- 接口地址:http://192.168.31.205:8000/atp/get_test/?id=1&name=123
2023-04-27 16:47:00,299 "process_data:request_process:50" [INFO]- 请求数据:{"id":1,"name":123}
2023-04-27 16:47:00,300 "tasks:setUp:145" [INFO]- 响应数据:{"code": 200, "msg": "get查询成功", "server": {"id": 1, "env": "dev", "ip": "192.168.31.205", "port": "8000", "remark": "开发环境"}, "name": "123", "method": "get"}
2023-04-27 16:47:00,301 "tasks:testMethod:174" [INFO]- 断言关键字【"code": 200】匹配成功
2023-04-27 16:47:00,302 "tasks:tearDown:195" [INFO]- 用例【无入参，无出参，get测试】执行成功！
2023-04-27 16:47:00,305 "tasks:setUp:52" [INFO]-                                                   
2023-04-27 16:47:00,307 "tasks:setUp:56" [INFO]- ######### 开始执行用例【无入参，无出参，put测试】##########
2023-04-27 16:47:00,311 "tasks:setUp:74" [INFO]- 所属项目:这是一个测试项目6
2023-04-27 16:47:00,312 "tasks:setUp:76" [INFO]- 所属模块:这是一个测试模块6
2023-04-27 16:47:00,313 "tasks:setUp:78" [INFO]- 接口名称:/atp/put_test/
2023-04-27 16:47:00,314 "tasks:setUp:80" [INFO]- 请求方法:put
2023-04-27 16:47:00,315 "tasks:setUp:82" [INFO]- 接口地址:http://192.168.31.205:8000/atp/put_test/
2023-04-27 16:47:00,316 "tasks:setUp:84" [INFO]- 请求数据:{"id":1,"name":"1111111"}
2023-04-27 16:47:00,317 "tasks:setUp:86" [INFO]- 断言数据:"code": 200
2023-04-27 16:47:00,317 "tasks:setUp:88" [INFO]- 提取参数:None
2023-04-27 16:47:00,321 "process_data:request_process:44" [INFO]- -------- 开始调用接口 --------
2023-04-27 16:47:00,327 "process_data:request_process:89" [INFO]- 接口地址:http://192.168.31.205:8000/atp/put_test/
2023-04-27 16:47:00,328 "process_data:request_process:90" [INFO]- 请求数据:{"id":1,"name":"1111111"}
2023-04-27 16:47:00,329 "tasks:setUp:145" [INFO]- 响应数据:{"code": 200, "msg": "put查询成功", "id": 1, "name": "name"}
2023-04-27 16:47:00,330 "tasks:testMethod:174" [INFO]- 断言关键字【"code": 200】匹配成功
2023-04-27 16:47:00,330 "tasks:tearDown:195" [INFO]- 用例【无入参，无出参，put测试】执行成功！
2023-04-27 16:47:00,334 "tasks:setUp:52" [INFO]-                                                   
2023-04-27 16:47:00,337 "tasks:setUp:56" [INFO]- ######### 开始执行用例【无入参，有出参】##########
2023-04-27 16:47:00,341 "tasks:setUp:74" [INFO]- 所属项目:这是一个测试项目6
2023-04-27 16:47:00,342 "tasks:setUp:76" [INFO]- 所属模块:这是一个测试模块6
2023-04-27 16:47:00,343 "tasks:setUp:78" [INFO]- 接口名称:/atp/post_test/
2023-04-27 16:47:00,343 "tasks:setUp:80" [INFO]- 请求方法:post
2023-04-27 16:47:00,344 "tasks:setUp:82" [INFO]- 接口地址:http://192.168.31.205:8000/atp/post_test/
2023-04-27 16:47:00,345 "tasks:setUp:84" [INFO]- 请求数据:{"id":1,"name":"啊啊啊啊啊"}
2023-04-27 16:47:00,347 "tasks:setUp:86" [INFO]- 断言数据:"code": 200
2023-04-27 16:47:00,348 "tasks:setUp:88" [INFO]- 提取参数:code||"code": (\d+);ip||"ip": "(((2(5[0-5]|[0-4]\d))|[0-1]?\d{1,2})(\.((2(5[0-5]|[0-4]\d))|[0-1]?\d{1,2})){3})"
2023-04-27 16:47:00,351 "process_data:request_process:44" [INFO]- -------- 开始调用接口 --------
2023-04-27 16:47:00,360 "process_data:request_process:69" [INFO]- 接口地址:http://192.168.31.205:8000/atp/post_test/
2023-04-27 16:47:00,361 "process_data:request_process:70" [INFO]- 请求数据:{"id":1,"name":"啊啊啊啊啊"}
2023-04-27 16:47:00,362 "tasks:setUp:145" [INFO]- 响应数据:{"code": 200, "msg": "查询成功", "server": {"id": 1, "env": "dev", "ip": "192.168.31.205", "port": "8000", "remark": "开发环境"}, "name": "啊啊啊啊啊"}
2023-04-27 16:47:00,363 "tasks:testMethod:174" [INFO]- 断言关键字【"code": 200】匹配成功
2023-04-27 16:47:00,363 "process_data:get_var_from_response:114" [INFO]- 变量公式:code||"code": (\d+);ip||"ip": "(((2(5[0-5]|[0-4]\d))|[0-1]?\d{1,2})(\.((2(5[0-5]|[0-4]\d))|[0-1]?\d{1,2})){3})"
2023-04-27 16:47:00,364 "process_data:get_var_from_response:121" [INFO]- 变量名称:code
2023-04-27 16:47:00,364 "process_data:get_var_from_response:123" [INFO]- 提取正则:"code": (\d+)
2023-04-27 16:47:00,365 "process_data:get_var_from_response:121" [INFO]- 变量名称:ip
2023-04-27 16:47:00,365 "process_data:get_var_from_response:123" [INFO]- 提取正则:"ip": "(((2(5[0-5]|[0-4]\d))|[0-1]?\d{1,2})(\.((2(5[0-5]|[0-4]\d))|[0-1]?\d{1,2})){3})"
2023-04-27 16:47:00,369 "process_data:get_var_from_response:134" [INFO]- 现全局变量:{"current_id_170": {"code": "200", "ip": "192.168.31.205"}}
2023-04-27 16:47:00,370 "tasks:tearDown:195" [INFO]- 用例【无入参，有出参】执行成功！
2023-04-27 16:47:00,374 "tasks:setUp:52" [INFO]-                                                   
2023-04-27 16:47:00,377 "tasks:setUp:56" [INFO]- ######### 开始执行用例【有入参，有出参】##########
2023-04-27 16:47:00,380 "tasks:setUp:74" [INFO]- 所属项目:这是一个测试项目6
2023-04-27 16:47:00,381 "tasks:setUp:76" [INFO]- 所属模块:这是一个测试模块6
2023-04-27 16:47:00,382 "tasks:setUp:78" [INFO]- 接口名称:/atp/get_test/
2023-04-27 16:47:00,383 "tasks:setUp:80" [INFO]- 请求方法:get
2023-04-27 16:47:00,383 "tasks:setUp:82" [INFO]- 接口地址:http://192.168.31.205:8000/atp/get_test/
2023-04-27 16:47:00,384 "tasks:setUp:84" [INFO]- 请求数据:{"id":1,"name":"啊啊啊啊啊","code":"${code}","ip":"${ip}"}
2023-04-27 16:47:00,385 "tasks:setUp:86" [INFO]- 断言数据:"code": 200
2023-04-27 16:47:00,386 "tasks:setUp:88" [INFO]- 提取参数:method||"method": "(\w+)"
2023-04-27 16:47:00,388 "process_data:request_process:44" [INFO]- -------- 开始调用接口 --------
2023-04-27 16:47:00,396 "process_data:request_process:49" [INFO]- 接口地址:http://192.168.31.205:8000/atp/get_test/?id=1&name=%E5%95%8A%E5%95%8A%E5%95%8A%E5%95%8A%E5%95%8A&code=200&ip=192.168.31.205
2023-04-27 16:47:00,397 "process_data:request_process:50" [INFO]- 请求数据:{"id":1,"name":"啊啊啊啊啊","code":"200","ip":"192.168.31.205"}
2023-04-27 16:47:00,398 "tasks:setUp:145" [INFO]- 响应数据:{"code": 200, "msg": "get查询成功", "server": {"id": 1, "env": "dev", "ip": "192.168.31.205", "port": "8000", "remark": "开发环境"}, "name": "啊啊啊啊啊", "method": "get"}
2023-04-27 16:47:00,398 "tasks:testMethod:174" [INFO]- 断言关键字【"code": 200】匹配成功
2023-04-27 16:47:00,399 "process_data:get_var_from_response:114" [INFO]- 变量公式:method||"method": "(\w+)"
2023-04-27 16:47:00,400 "process_data:get_var_from_response:121" [INFO]- 变量名称:method
2023-04-27 16:47:00,400 "process_data:get_var_from_response:123" [INFO]- 提取正则:"method": "(\w+)"
2023-04-27 16:47:00,401 "process_data:get_var_from_response:134" [INFO]- 现全局变量:{"current_id_170": {"code": "200", "ip": "192.168.31.205"}, "current_id_171": {"method": "get"}}
2023-04-27 16:47:00,401 "tasks:tearDown:195" [INFO]- 用例【有入参，有出参】执行成功！
2023-04-27 16:47:00,404 "tasks:setUp:52" [INFO]-                                                   
2023-04-27 16:47:00,405 "tasks:setUp:56" [INFO]- ######### 开始执行用例【有入参，无出参】##########
2023-04-27 16:47:00,408 "tasks:setUp:74" [INFO]- 所属项目:这是一个测试项目6
2023-04-27 16:47:00,408 "tasks:setUp:76" [INFO]- 所属模块:这是一个测试模块6
2023-04-27 16:47:00,409 "tasks:setUp:78" [INFO]- 接口名称:/atp/post_test/
2023-04-27 16:47:00,410 "tasks:setUp:80" [INFO]- 请求方法:post
2023-04-27 16:47:00,411 "tasks:setUp:82" [INFO]- 接口地址:http://192.168.31.205:8000/atp/post_test/
2023-04-27 16:47:00,411 "tasks:setUp:84" [INFO]- 请求数据:{"id":1,"name":"啊啊啊啊啊","method":"${method}"}
2023-04-27 16:47:00,412 "tasks:setUp:86" [INFO]- 断言数据:"code": 200
2023-04-27 16:47:00,413 "tasks:setUp:88" [INFO]- 提取参数:None
2023-04-27 16:47:00,416 "process_data:request_process:44" [INFO]- -------- 开始调用接口 --------
2023-04-27 16:47:00,430 "process_data:request_process:69" [INFO]- 接口地址:http://192.168.31.205:8000/atp/post_test/
2023-04-27 16:47:00,431 "process_data:request_process:70" [INFO]- 请求数据:{"id":1,"name":"啊啊啊啊啊","method":"get"}
2023-04-27 16:47:00,432 "tasks:setUp:145" [INFO]- 响应数据:{"code": 200, "msg": "查询成功", "server": {"id": 1, "env": "dev", "ip": "192.168.31.205", "port": "8000", "remark": "开发环境"}, "name": "啊啊啊啊啊"}
2023-04-27 16:47:00,433 "tasks:testMethod:174" [INFO]- 断言关键字【"code": 200】匹配成功
2023-04-27 16:47:00,434 "tasks:tearDown:195" [INFO]- 用例【有入参，无出参】执行成功！
2023-04-27 16:49:00,126 "tasks:setUp:52" [INFO]-                                                   
2023-04-27 16:49:00,129 "tasks:setUp:56" [INFO]- ######### 开始执行用例【无入参，无出参，单正确断言】##########
2023-04-27 16:49:00,132 "tasks:setUp:74" [INFO]- 所属项目:这是一个测试项目6
2023-04-27 16:49:00,133 "tasks:setUp:76" [INFO]- 所属模块:这是一个测试模块6
2023-04-27 16:49:00,133 "tasks:setUp:78" [INFO]- 接口名称:/atp/post_test/
2023-04-27 16:49:00,134 "tasks:setUp:80" [INFO]- 请求方法:post
2023-04-27 16:49:00,134 "tasks:setUp:82" [INFO]- 接口地址:http://192.168.31.205:8000/atp/post_test/
2023-04-27 16:49:00,135 "tasks:setUp:84" [INFO]- 请求数据:{"id":1,"name":"啊啊啊啊啊"}
2023-04-27 16:49:00,136 "tasks:setUp:86" [INFO]- 断言数据:"code": 200
2023-04-27 16:49:00,136 "tasks:setUp:88" [INFO]- 提取参数:None
2023-04-27 16:49:00,139 "process_data:request_process:44" [INFO]- -------- 开始调用接口 --------
2023-04-27 16:49:00,151 "process_data:request_process:69" [INFO]- 接口地址:http://192.168.31.205:8000/atp/post_test/
2023-04-27 16:49:00,152 "process_data:request_process:70" [INFO]- 请求数据:{"id":1,"name":"啊啊啊啊啊"}
2023-04-27 16:49:00,153 "tasks:setUp:145" [INFO]- 响应数据:{"code": 200, "msg": "查询成功", "server": {"id": 1, "env": "dev", "ip": "192.168.31.205", "port": "8000", "remark": "开发环境"}, "name": "啊啊啊啊啊"}
2023-04-27 16:49:00,153 "tasks:testMethod:174" [INFO]- 断言关键字【"code": 200】匹配成功
2023-04-27 16:49:00,154 "tasks:tearDown:195" [INFO]- 用例【无入参，无出参，单正确断言】执行成功！
2023-04-27 16:49:00,156 "tasks:setUp:52" [INFO]-                                                   
2023-04-27 16:49:00,160 "tasks:setUp:56" [INFO]- ######### 开始执行用例【无入参，无出参，多正确断言】##########
2023-04-27 16:49:00,165 "tasks:setUp:74" [INFO]- 所属项目:这是一个测试项目6
2023-04-27 16:49:00,165 "tasks:setUp:76" [INFO]- 所属模块:这是一个测试模块6
2023-04-27 16:49:00,166 "tasks:setUp:78" [INFO]- 接口名称:/atp/post_test/
2023-04-27 16:49:00,167 "tasks:setUp:80" [INFO]- 请求方法:post
2023-04-27 16:49:00,167 "tasks:setUp:82" [INFO]- 接口地址:http://192.168.31.205:8000/atp/post_test/
2023-04-27 16:49:00,168 "tasks:setUp:84" [INFO]- 请求数据:{"id":1,"name":"啊啊啊啊啊"}
2023-04-27 16:49:00,168 "tasks:setUp:86" [INFO]- 断言数据:"code": 200;"msg": "查询成功"
2023-04-27 16:49:00,169 "tasks:setUp:88" [INFO]- 提取参数:None
2023-04-27 16:49:00,171 "process_data:request_process:44" [INFO]- -------- 开始调用接口 --------
2023-04-27 16:49:00,178 "process_data:request_process:69" [INFO]- 接口地址:http://192.168.31.205:8000/atp/post_test/
2023-04-27 16:49:00,179 "process_data:request_process:70" [INFO]- 请求数据:{"id":1,"name":"啊啊啊啊啊"}
2023-04-27 16:49:00,179 "tasks:setUp:145" [INFO]- 响应数据:{"code": 200, "msg": "查询成功", "server": {"id": 1, "env": "dev", "ip": "192.168.31.205", "port": "8000", "remark": "开发环境"}, "name": "啊啊啊啊啊"}
2023-04-27 16:49:00,180 "tasks:testMethod:174" [INFO]- 断言关键字【"code": 200】匹配成功
2023-04-27 16:49:00,181 "tasks:testMethod:174" [INFO]- 断言关键字【"msg": "查询成功"】匹配成功
2023-04-27 16:49:00,181 "tasks:tearDown:195" [INFO]- 用例【无入参，无出参，多正确断言】执行成功！
2023-04-27 16:49:00,185 "tasks:setUp:52" [INFO]-                                                   
2023-04-27 16:49:00,188 "tasks:setUp:56" [INFO]- ######### 开始执行用例【无入参，无出参，错误断言】##########
2023-04-27 16:49:00,191 "tasks:setUp:74" [INFO]- 所属项目:这是一个测试项目6
2023-04-27 16:49:00,191 "tasks:setUp:76" [INFO]- 所属模块:这是一个测试模块6
2023-04-27 16:49:00,192 "tasks:setUp:78" [INFO]- 接口名称:/atp/post_test/
2023-04-27 16:49:00,193 "tasks:setUp:80" [INFO]- 请求方法:post
2023-04-27 16:49:00,193 "tasks:setUp:82" [INFO]- 接口地址:http://192.168.31.205:8000/atp/post_test/
2023-04-27 16:49:00,194 "tasks:setUp:84" [INFO]- 请求数据:{"id":1,"name":"啊啊啊啊啊"}
2023-04-27 16:49:00,194 "tasks:setUp:86" [INFO]- 断言数据:"code": 300
2023-04-27 16:49:00,194 "tasks:setUp:88" [INFO]- 提取参数:None
2023-04-27 16:49:00,196 "process_data:request_process:44" [INFO]- -------- 开始调用接口 --------
2023-04-27 16:49:00,204 "process_data:request_process:69" [INFO]- 接口地址:http://192.168.31.205:8000/atp/post_test/
2023-04-27 16:49:00,204 "process_data:request_process:70" [INFO]- 请求数据:{"id":1,"name":"啊啊啊啊啊"}
2023-04-27 16:49:00,205 "tasks:setUp:145" [INFO]- 响应数据:{"code": 200, "msg": "查询成功", "server": {"id": 1, "env": "dev", "ip": "192.168.31.205", "port": "8000", "remark": "开发环境"}, "name": "啊啊啊啊啊"}
2023-04-27 16:49:00,205 "tasks:testMethod:168" [INFO]- 断言关键字【"code": 300】匹配失败
2023-04-27 16:49:00,206 "tasks:tearDown:198" [INFO]- 用例【无入参，无出参，错误断言】执行失败,请检查错误！
2023-04-27 16:49:00,211 "tasks:setUp:52" [INFO]-                                                   
2023-04-27 16:49:00,213 "tasks:setUp:56" [INFO]- ######### 开始执行用例【无入参，无出参，多错误断言】##########
2023-04-27 16:49:00,216 "tasks:setUp:74" [INFO]- 所属项目:这是一个测试项目6
2023-04-27 16:49:00,216 "tasks:setUp:76" [INFO]- 所属模块:这是一个测试模块6
2023-04-27 16:49:00,217 "tasks:setUp:78" [INFO]- 接口名称:/atp/post_test/
2023-04-27 16:49:00,217 "tasks:setUp:80" [INFO]- 请求方法:post
2023-04-27 16:49:00,218 "tasks:setUp:82" [INFO]- 接口地址:http://192.168.31.205:8000/atp/post_test/
2023-04-27 16:49:00,218 "tasks:setUp:84" [INFO]- 请求数据:{"id":1,"name":"啊啊啊啊啊"}
2023-04-27 16:49:00,218 "tasks:setUp:86" [INFO]- 断言数据:"code": 201;"msg": "查询成功"
2023-04-27 16:49:00,219 "tasks:setUp:88" [INFO]- 提取参数:None
2023-04-27 16:49:00,221 "process_data:request_process:44" [INFO]- -------- 开始调用接口 --------
2023-04-27 16:49:00,230 "process_data:request_process:69" [INFO]- 接口地址:http://192.168.31.205:8000/atp/post_test/
2023-04-27 16:49:00,231 "process_data:request_process:70" [INFO]- 请求数据:{"id":1,"name":"啊啊啊啊啊"}
2023-04-27 16:49:00,231 "tasks:setUp:145" [INFO]- 响应数据:{"code": 200, "msg": "查询成功", "server": {"id": 1, "env": "dev", "ip": "192.168.31.205", "port": "8000", "remark": "开发环境"}, "name": "啊啊啊啊啊"}
2023-04-27 16:49:00,232 "tasks:testMethod:168" [INFO]- 断言关键字【"code": 201】匹配失败
2023-04-27 16:49:00,232 "tasks:tearDown:198" [INFO]- 用例【无入参，无出参，多错误断言】执行失败,请检查错误！
2023-04-27 16:49:00,235 "tasks:setUp:52" [INFO]-                                                   
2023-04-27 16:49:00,237 "tasks:setUp:56" [INFO]- ######### 开始执行用例【无入参，无出参，多错误断言】##########
2023-04-27 16:49:00,239 "tasks:setUp:74" [INFO]- 所属项目:这是一个测试项目6
2023-04-27 16:49:00,240 "tasks:setUp:76" [INFO]- 所属模块:这是一个测试模块6
2023-04-27 16:49:00,240 "tasks:setUp:78" [INFO]- 接口名称:/atp/post_test/
2023-04-27 16:49:00,241 "tasks:setUp:80" [INFO]- 请求方法:post
2023-04-27 16:49:00,241 "tasks:setUp:82" [INFO]- 接口地址:http://192.168.31.205:8000/atp/post_test/
2023-04-27 16:49:00,242 "tasks:setUp:84" [INFO]- 请求数据:{"id":1,"name":"啊啊啊啊啊"}
2023-04-27 16:49:00,242 "tasks:setUp:86" [INFO]- 断言数据:"code": 200;"msg": "啊啊啊啊"
2023-04-27 16:49:00,243 "tasks:setUp:88" [INFO]- 提取参数:None
2023-04-27 16:49:00,245 "process_data:request_process:44" [INFO]- -------- 开始调用接口 --------
2023-04-27 16:49:00,252 "process_data:request_process:69" [INFO]- 接口地址:http://192.168.31.205:8000/atp/post_test/
2023-04-27 16:49:00,253 "process_data:request_process:70" [INFO]- 请求数据:{"id":1,"name":"啊啊啊啊啊"}
2023-04-27 16:49:00,254 "tasks:setUp:145" [INFO]- 响应数据:{"code": 200, "msg": "查询成功", "server": {"id": 1, "env": "dev", "ip": "192.168.31.205", "port": "8000", "remark": "开发环境"}, "name": "啊啊啊啊啊"}
2023-04-27 16:49:00,254 "tasks:testMethod:174" [INFO]- 断言关键字【"code": 200】匹配成功
2023-04-27 16:49:00,255 "tasks:testMethod:168" [INFO]- 断言关键字【"msg": "啊啊啊啊"】匹配失败
2023-04-27 16:49:00,255 "tasks:tearDown:198" [INFO]- 用例【无入参，无出参，多错误断言】执行失败,请检查错误！
2023-04-27 16:49:00,258 "tasks:setUp:52" [INFO]-                                                   
2023-04-27 16:49:00,259 "tasks:setUp:56" [INFO]- ######### 开始执行用例【无入参，无出参，get测试】##########
2023-04-27 16:49:00,262 "tasks:setUp:74" [INFO]- 所属项目:这是一个测试项目6
2023-04-27 16:49:00,263 "tasks:setUp:76" [INFO]- 所属模块:这是一个测试模块6
2023-04-27 16:49:00,263 "tasks:setUp:78" [INFO]- 接口名称:/atp/get_test/
2023-04-27 16:49:00,264 "tasks:setUp:80" [INFO]- 请求方法:get
2023-04-27 16:49:00,264 "tasks:setUp:82" [INFO]- 接口地址:http://192.168.31.205:8000/atp/get_test/
2023-04-27 16:49:00,265 "tasks:setUp:84" [INFO]- 请求数据:{"id":1,"name":123}
2023-04-27 16:49:00,265 "tasks:setUp:86" [INFO]- 断言数据:"code": 200
2023-04-27 16:49:00,266 "tasks:setUp:88" [INFO]- 提取参数:None
2023-04-27 16:49:00,268 "process_data:request_process:44" [INFO]- -------- 开始调用接口 --------
2023-04-27 16:49:00,275 "process_data:request_process:49" [INFO]- 接口地址:http://192.168.31.205:8000/atp/get_test/?id=1&name=123
2023-04-27 16:49:00,276 "process_data:request_process:50" [INFO]- 请求数据:{"id":1,"name":123}
2023-04-27 16:49:00,276 "tasks:setUp:145" [INFO]- 响应数据:{"code": 200, "msg": "get查询成功", "server": {"id": 1, "env": "dev", "ip": "192.168.31.205", "port": "8000", "remark": "开发环境"}, "name": "123", "method": "get"}
2023-04-27 16:49:00,277 "tasks:testMethod:174" [INFO]- 断言关键字【"code": 200】匹配成功
2023-04-27 16:49:00,278 "tasks:tearDown:195" [INFO]- 用例【无入参，无出参，get测试】执行成功！
2023-04-27 16:49:00,280 "tasks:setUp:52" [INFO]-                                                   
2023-04-27 16:49:00,282 "tasks:setUp:56" [INFO]- ######### 开始执行用例【无入参，无出参，put测试】##########
2023-04-27 16:49:00,284 "tasks:setUp:74" [INFO]- 所属项目:这是一个测试项目6
2023-04-27 16:49:00,285 "tasks:setUp:76" [INFO]- 所属模块:这是一个测试模块6
2023-04-27 16:49:00,286 "tasks:setUp:78" [INFO]- 接口名称:/atp/put_test/
2023-04-27 16:49:00,286 "tasks:setUp:80" [INFO]- 请求方法:put
2023-04-27 16:49:00,287 "tasks:setUp:82" [INFO]- 接口地址:http://192.168.31.205:8000/atp/put_test/
2023-04-27 16:49:00,287 "tasks:setUp:84" [INFO]- 请求数据:{"id":1,"name":"1111111"}
2023-04-27 16:49:00,288 "tasks:setUp:86" [INFO]- 断言数据:"code": 200
2023-04-27 16:49:00,288 "tasks:setUp:88" [INFO]- 提取参数:None
2023-04-27 16:49:00,291 "process_data:request_process:44" [INFO]- -------- 开始调用接口 --------
2023-04-27 16:49:00,295 "process_data:request_process:89" [INFO]- 接口地址:http://192.168.31.205:8000/atp/put_test/
2023-04-27 16:49:00,295 "process_data:request_process:90" [INFO]- 请求数据:{"id":1,"name":"1111111"}
2023-04-27 16:49:00,296 "tasks:setUp:145" [INFO]- 响应数据:{"code": 200, "msg": "put查询成功", "id": 1, "name": "name"}
2023-04-27 16:49:00,296 "tasks:testMethod:174" [INFO]- 断言关键字【"code": 200】匹配成功
2023-04-27 16:49:00,297 "tasks:tearDown:195" [INFO]- 用例【无入参，无出参，put测试】执行成功！
2023-04-27 16:49:00,299 "tasks:setUp:52" [INFO]-                                                   
2023-04-27 16:49:00,301 "tasks:setUp:56" [INFO]- ######### 开始执行用例【无入参，有出参】##########
2023-04-27 16:49:00,303 "tasks:setUp:74" [INFO]- 所属项目:这是一个测试项目6
2023-04-27 16:49:00,304 "tasks:setUp:76" [INFO]- 所属模块:这是一个测试模块6
2023-04-27 16:49:00,305 "tasks:setUp:78" [INFO]- 接口名称:/atp/post_test/
2023-04-27 16:49:00,305 "tasks:setUp:80" [INFO]- 请求方法:post
2023-04-27 16:49:00,306 "tasks:setUp:82" [INFO]- 接口地址:http://192.168.31.205:8000/atp/post_test/
2023-04-27 16:49:00,306 "tasks:setUp:84" [INFO]- 请求数据:{"id":1,"name":"啊啊啊啊啊"}
2023-04-27 16:49:00,307 "tasks:setUp:86" [INFO]- 断言数据:"code": 200
2023-04-27 16:49:00,307 "tasks:setUp:88" [INFO]- 提取参数:code||"code": (\d+);ip||"ip": "(((2(5[0-5]|[0-4]\d))|[0-1]?\d{1,2})(\.((2(5[0-5]|[0-4]\d))|[0-1]?\d{1,2})){3})"
2023-04-27 16:49:00,309 "process_data:request_process:44" [INFO]- -------- 开始调用接口 --------
2023-04-27 16:49:00,317 "process_data:request_process:69" [INFO]- 接口地址:http://192.168.31.205:8000/atp/post_test/
2023-04-27 16:49:00,317 "process_data:request_process:70" [INFO]- 请求数据:{"id":1,"name":"啊啊啊啊啊"}
2023-04-27 16:49:00,318 "tasks:setUp:145" [INFO]- 响应数据:{"code": 200, "msg": "查询成功", "server": {"id": 1, "env": "dev", "ip": "192.168.31.205", "port": "8000", "remark": "开发环境"}, "name": "啊啊啊啊啊"}
2023-04-27 16:49:00,318 "tasks:testMethod:174" [INFO]- 断言关键字【"code": 200】匹配成功
2023-04-27 16:49:00,319 "process_data:get_var_from_response:114" [INFO]- 变量公式:code||"code": (\d+);ip||"ip": "(((2(5[0-5]|[0-4]\d))|[0-1]?\d{1,2})(\.((2(5[0-5]|[0-4]\d))|[0-1]?\d{1,2})){3})"
2023-04-27 16:49:00,320 "process_data:get_var_from_response:121" [INFO]- 变量名称:code
2023-04-27 16:49:00,320 "process_data:get_var_from_response:123" [INFO]- 提取正则:"code": (\d+)
2023-04-27 16:49:00,322 "process_data:get_var_from_response:121" [INFO]- 变量名称:ip
2023-04-27 16:49:00,322 "process_data:get_var_from_response:123" [INFO]- 提取正则:"ip": "(((2(5[0-5]|[0-4]\d))|[0-1]?\d{1,2})(\.((2(5[0-5]|[0-4]\d))|[0-1]?\d{1,2})){3})"
2023-04-27 16:49:00,323 "process_data:get_var_from_response:134" [INFO]- 现全局变量:{"current_id_170": {"code": "200", "ip": "192.168.31.205"}}
2023-04-27 16:49:00,323 "tasks:tearDown:195" [INFO]- 用例【无入参，有出参】执行成功！
2023-04-27 16:49:00,326 "tasks:setUp:52" [INFO]-                                                   
2023-04-27 16:49:00,327 "tasks:setUp:56" [INFO]- ######### 开始执行用例【有入参，有出参】##########
2023-04-27 16:49:00,330 "tasks:setUp:74" [INFO]- 所属项目:这是一个测试项目6
2023-04-27 16:49:00,331 "tasks:setUp:76" [INFO]- 所属模块:这是一个测试模块6
2023-04-27 16:49:00,331 "tasks:setUp:78" [INFO]- 接口名称:/atp/get_test/
2023-04-27 16:49:00,332 "tasks:setUp:80" [INFO]- 请求方法:get
2023-04-27 16:49:00,333 "tasks:setUp:82" [INFO]- 接口地址:http://192.168.31.205:8000/atp/get_test/
2023-04-27 16:49:00,333 "tasks:setUp:84" [INFO]- 请求数据:{"id":1,"name":"啊啊啊啊啊","code":"${code}","ip":"${ip}"}
2023-04-27 16:49:00,334 "tasks:setUp:86" [INFO]- 断言数据:"code": 200
2023-04-27 16:49:00,334 "tasks:setUp:88" [INFO]- 提取参数:method||"method": "(\w+)"
2023-04-27 16:49:00,337 "process_data:request_process:44" [INFO]- -------- 开始调用接口 --------
2023-04-27 16:49:00,343 "process_data:request_process:49" [INFO]- 接口地址:http://192.168.31.205:8000/atp/get_test/?id=1&name=%E5%95%8A%E5%95%8A%E5%95%8A%E5%95%8A%E5%95%8A&code=200&ip=192.168.31.205
2023-04-27 16:49:00,343 "process_data:request_process:50" [INFO]- 请求数据:{"id":1,"name":"啊啊啊啊啊","code":"200","ip":"192.168.31.205"}
2023-04-27 16:49:00,344 "tasks:setUp:145" [INFO]- 响应数据:{"code": 200, "msg": "get查询成功", "server": {"id": 1, "env": "dev", "ip": "192.168.31.205", "port": "8000", "remark": "开发环境"}, "name": "啊啊啊啊啊", "method": "get"}
2023-04-27 16:49:00,344 "tasks:testMethod:174" [INFO]- 断言关键字【"code": 200】匹配成功
2023-04-27 16:49:00,345 "process_data:get_var_from_response:114" [INFO]- 变量公式:method||"method": "(\w+)"
2023-04-27 16:49:00,345 "process_data:get_var_from_response:121" [INFO]- 变量名称:method
2023-04-27 16:49:00,346 "process_data:get_var_from_response:123" [INFO]- 提取正则:"method": "(\w+)"
2023-04-27 16:49:00,346 "process_data:get_var_from_response:134" [INFO]- 现全局变量:{"current_id_170": {"code": "200", "ip": "192.168.31.205"}, "current_id_171": {"method": "get"}}
2023-04-27 16:49:00,347 "tasks:tearDown:195" [INFO]- 用例【有入参，有出参】执行成功！
2023-04-27 16:49:00,349 "tasks:setUp:52" [INFO]-                                                   
2023-04-27 16:49:00,351 "tasks:setUp:56" [INFO]- ######### 开始执行用例【有入参，无出参】##########
2023-04-27 16:49:00,354 "tasks:setUp:74" [INFO]- 所属项目:这是一个测试项目6
2023-04-27 16:49:00,355 "tasks:setUp:76" [INFO]- 所属模块:这是一个测试模块6
2023-04-27 16:49:00,356 "tasks:setUp:78" [INFO]- 接口名称:/atp/post_test/
2023-04-27 16:49:00,357 "tasks:setUp:80" [INFO]- 请求方法:post
2023-04-27 16:49:00,357 "tasks:setUp:82" [INFO]- 接口地址:http://192.168.31.205:8000/atp/post_test/
2023-04-27 16:49:00,357 "tasks:setUp:84" [INFO]- 请求数据:{"id":1,"name":"啊啊啊啊啊","method":"${method}"}
2023-04-27 16:49:00,358 "tasks:setUp:86" [INFO]- 断言数据:"code": 200
2023-04-27 16:49:00,358 "tasks:setUp:88" [INFO]- 提取参数:None
2023-04-27 16:49:00,361 "process_data:request_process:44" [INFO]- -------- 开始调用接口 --------
2023-04-27 16:49:00,367 "process_data:request_process:69" [INFO]- 接口地址:http://192.168.31.205:8000/atp/post_test/
2023-04-27 16:49:00,367 "process_data:request_process:70" [INFO]- 请求数据:{"id":1,"name":"啊啊啊啊啊","method":"get"}
2023-04-27 16:49:00,368 "tasks:setUp:145" [INFO]- 响应数据:{"code": 200, "msg": "查询成功", "server": {"id": 1, "env": "dev", "ip": "192.168.31.205", "port": "8000", "remark": "开发环境"}, "name": "啊啊啊啊啊"}
2023-04-27 16:49:00,368 "tasks:testMethod:174" [INFO]- 断言关键字【"code": 200】匹配成功
2023-04-27 16:49:00,369 "tasks:tearDown:195" [INFO]- 用例【有入参，无出参】执行成功！
2023-04-27 16:50:00,048 "tasks:setUp:52" [INFO]-                                                   
2023-04-27 16:50:00,051 "tasks:setUp:56" [INFO]- ######### 开始执行用例【无入参，无出参，get测试】##########
2023-04-27 16:50:00,055 "tasks:setUp:74" [INFO]- 所属项目:这是一个测试项目4
2023-04-27 16:50:00,056 "tasks:setUp:76" [INFO]- 所属模块:这是一个测试模块4
2023-04-27 16:50:00,057 "tasks:setUp:78" [INFO]- 接口名称:/atp/get_test/
2023-04-27 16:50:00,057 "tasks:setUp:80" [INFO]- 请求方法:get
2023-04-27 16:50:00,057 "tasks:setUp:82" [INFO]- 接口地址:http://192.168.31.205:8000/atp/get_test/
2023-04-27 16:50:00,058 "tasks:setUp:84" [INFO]- 请求数据:{"id":1,"name":123}
2023-04-27 16:50:00,058 "tasks:setUp:86" [INFO]- 断言数据:"code": 200
2023-04-27 16:50:00,059 "tasks:setUp:88" [INFO]- 提取参数:None
2023-04-27 16:50:00,062 "process_data:request_process:44" [INFO]- -------- 开始调用接口 --------
2023-04-27 16:50:00,069 "process_data:request_process:49" [INFO]- 接口地址:http://192.168.31.205:8000/atp/get_test/?id=1&name=123
2023-04-27 16:50:00,069 "process_data:request_process:50" [INFO]- 请求数据:{"id":1,"name":123}
2023-04-27 16:50:00,070 "tasks:setUp:145" [INFO]- 响应数据:{"code": 200, "msg": "get查询成功", "server": {"id": 1, "env": "dev", "ip": "192.168.31.205", "port": "8000", "remark": "开发环境"}, "name": "123", "method": "get"}
2023-04-27 16:50:00,070 "tasks:testMethod:174" [INFO]- 断言关键字【"code": 200】匹配成功
2023-04-27 16:50:00,071 "tasks:tearDown:195" [INFO]- 用例【无入参，无出参，get测试】执行成功！
2023-04-27 16:50:00,073 "tasks:setUp:52" [INFO]-                                                   
2023-04-27 16:50:00,075 "tasks:setUp:56" [INFO]- ######### 开始执行用例【无入参，有出参】##########
2023-04-27 16:50:00,078 "tasks:setUp:74" [INFO]- 所属项目:这是一个测试项目4
2023-04-27 16:50:00,078 "tasks:setUp:76" [INFO]- 所属模块:这是一个测试模块4
2023-04-27 16:50:00,079 "tasks:setUp:78" [INFO]- 接口名称:/atp/post_test/
2023-04-27 16:50:00,079 "tasks:setUp:80" [INFO]- 请求方法:post
2023-04-27 16:50:00,080 "tasks:setUp:82" [INFO]- 接口地址:http://192.168.31.205:8000/atp/post_test/
2023-04-27 16:50:00,080 "tasks:setUp:84" [INFO]- 请求数据:{"id":1,"name":"啊啊啊啊啊"}
2023-04-27 16:50:00,081 "tasks:setUp:86" [INFO]- 断言数据:"code": 200
2023-04-27 16:50:00,081 "tasks:setUp:88" [INFO]- 提取参数:code||"code": (\d+);ip||"ip": "(((2(5[0-5]|[0-4]\d))|[0-1]?\d{1,2})(\.((2(5[0-5]|[0-4]\d))|[0-1]?\d{1,2})){3})"
2023-04-27 16:50:00,084 "process_data:request_process:44" [INFO]- -------- 开始调用接口 --------
2023-04-27 16:50:00,094 "process_data:request_process:69" [INFO]- 接口地址:http://192.168.31.205:8000/atp/post_test/
2023-04-27 16:50:00,094 "process_data:request_process:70" [INFO]- 请求数据:{"id":1,"name":"啊啊啊啊啊"}
2023-04-27 16:50:00,096 "tasks:setUp:145" [INFO]- 响应数据:{"code": 200, "msg": "查询成功", "server": {"id": 1, "env": "dev", "ip": "192.168.31.205", "port": "8000", "remark": "开发环境"}, "name": "啊啊啊啊啊"}
2023-04-27 16:50:00,098 "tasks:testMethod:174" [INFO]- 断言关键字【"code": 200】匹配成功
2023-04-27 16:50:00,098 "process_data:get_var_from_response:114" [INFO]- 变量公式:code||"code": (\d+);ip||"ip": "(((2(5[0-5]|[0-4]\d))|[0-1]?\d{1,2})(\.((2(5[0-5]|[0-4]\d))|[0-1]?\d{1,2})){3})"
2023-04-27 16:50:00,099 "process_data:get_var_from_response:121" [INFO]- 变量名称:code
2023-04-27 16:50:00,099 "process_data:get_var_from_response:123" [INFO]- 提取正则:"code": (\d+)
2023-04-27 16:50:00,100 "process_data:get_var_from_response:121" [INFO]- 变量名称:ip
2023-04-27 16:50:00,101 "process_data:get_var_from_response:123" [INFO]- 提取正则:"ip": "(((2(5[0-5]|[0-4]\d))|[0-1]?\d{1,2})(\.((2(5[0-5]|[0-4]\d))|[0-1]?\d{1,2})){3})"
2023-04-27 16:50:00,102 "process_data:get_var_from_response:134" [INFO]- 现全局变量:{"current_id_160": {"code": "200", "ip": "192.168.31.205"}}
2023-04-27 16:50:00,102 "tasks:tearDown:195" [INFO]- 用例【无入参，有出参】执行成功！
2023-04-27 16:50:00,106 "tasks:setUp:52" [INFO]-                                                   
2023-04-27 16:50:00,109 "tasks:setUp:56" [INFO]- ######### 开始执行用例【有入参，有出参】##########
2023-04-27 16:50:00,115 "tasks:setUp:74" [INFO]- 所属项目:这是一个测试项目4
2023-04-27 16:50:00,116 "tasks:setUp:76" [INFO]- 所属模块:这是一个测试模块4
2023-04-27 16:50:00,117 "tasks:setUp:78" [INFO]- 接口名称:/atp/get_test/
2023-04-27 16:50:00,118 "tasks:setUp:80" [INFO]- 请求方法:get
2023-04-27 16:50:00,120 "tasks:setUp:82" [INFO]- 接口地址:http://192.168.31.205:8000/atp/get_test/
2023-04-27 16:50:00,121 "tasks:setUp:84" [INFO]- 请求数据:{"id":1,"name":"啊啊啊啊啊","code":"${code}","ip":"${ip}"}
2023-04-27 16:50:00,121 "tasks:setUp:86" [INFO]- 断言数据:"code": 200
2023-04-27 16:50:00,122 "tasks:setUp:88" [INFO]- 提取参数:method||"method": "(\w+)"
2023-04-27 16:50:00,125 "process_data:request_process:44" [INFO]- -------- 开始调用接口 --------
2023-04-27 16:50:00,133 "process_data:request_process:49" [INFO]- 接口地址:http://192.168.31.205:8000/atp/get_test/?id=1&name=%E5%95%8A%E5%95%8A%E5%95%8A%E5%95%8A%E5%95%8A&code=200&ip=192.168.31.205
2023-04-27 16:50:00,134 "process_data:request_process:50" [INFO]- 请求数据:{"id":1,"name":"啊啊啊啊啊","code":"200","ip":"192.168.31.205"}
2023-04-27 16:50:00,135 "tasks:setUp:145" [INFO]- 响应数据:{"code": 200, "msg": "get查询成功", "server": {"id": 1, "env": "dev", "ip": "192.168.31.205", "port": "8000", "remark": "开发环境"}, "name": "啊啊啊啊啊", "method": "get"}
2023-04-27 16:50:00,135 "tasks:testMethod:174" [INFO]- 断言关键字【"code": 200】匹配成功
2023-04-27 16:50:00,136 "process_data:get_var_from_response:114" [INFO]- 变量公式:method||"method": "(\w+)"
2023-04-27 16:50:00,136 "process_data:get_var_from_response:121" [INFO]- 变量名称:method
2023-04-27 16:50:00,137 "process_data:get_var_from_response:123" [INFO]- 提取正则:"method": "(\w+)"
2023-04-27 16:50:00,137 "process_data:get_var_from_response:134" [INFO]- 现全局变量:{"current_id_160": {"code": "200", "ip": "192.168.31.205"}, "current_id_161": {"method": "get"}}
2023-04-27 16:50:00,137 "tasks:tearDown:195" [INFO]- 用例【有入参，有出参】执行成功！
2023-04-27 16:50:00,140 "tasks:setUp:52" [INFO]-                                                   
2023-04-27 16:50:00,141 "tasks:setUp:56" [INFO]- ######### 开始执行用例【有入参，无出参】##########
2023-04-27 16:50:00,144 "tasks:setUp:74" [INFO]- 所属项目:这是一个测试项目4
2023-04-27 16:50:00,145 "tasks:setUp:76" [INFO]- 所属模块:这是一个测试模块4
2023-04-27 16:50:00,145 "tasks:setUp:78" [INFO]- 接口名称:/atp/post_test/
2023-04-27 16:50:00,146 "tasks:setUp:80" [INFO]- 请求方法:post
2023-04-27 16:50:00,146 "tasks:setUp:82" [INFO]- 接口地址:http://192.168.31.205:8000/atp/post_test/
2023-04-27 16:50:00,146 "tasks:setUp:84" [INFO]- 请求数据:{"id":1,"name":"啊啊啊啊啊","method":"${method}"}
2023-04-27 16:50:00,147 "tasks:setUp:86" [INFO]- 断言数据:"code": 200
2023-04-27 16:50:00,147 "tasks:setUp:88" [INFO]- 提取参数:None
2023-04-27 16:50:00,150 "process_data:request_process:44" [INFO]- -------- 开始调用接口 --------
2023-04-27 16:50:00,157 "process_data:request_process:69" [INFO]- 接口地址:http://192.168.31.205:8000/atp/post_test/
2023-04-27 16:50:00,158 "process_data:request_process:70" [INFO]- 请求数据:{"id":1,"name":"啊啊啊啊啊","method":"get"}
2023-04-27 16:50:00,159 "tasks:setUp:145" [INFO]- 响应数据:{"code": 200, "msg": "查询成功", "server": {"id": 1, "env": "dev", "ip": "192.168.31.205", "port": "8000", "remark": "开发环境"}, "name": "啊啊啊啊啊"}
2023-04-27 16:50:00,160 "tasks:testMethod:174" [INFO]- 断言关键字【"code": 200】匹配成功
2023-04-27 16:50:00,161 "tasks:tearDown:195" [INFO]- 用例【有入参，无出参】执行成功！
2023-04-27 16:50:00,164 "tasks:setUp:52" [INFO]-                                                   
2023-04-27 16:50:00,165 "tasks:setUp:56" [INFO]- ######### 开始执行用例【无入参，无出参，多错误断言】##########
2023-04-27 16:50:00,168 "tasks:setUp:74" [INFO]- 所属项目:这是一个测试项目4
2023-04-27 16:50:00,169 "tasks:setUp:76" [INFO]- 所属模块:这是一个测试模块4
2023-04-27 16:50:00,169 "tasks:setUp:78" [INFO]- 接口名称:/atp/post_test/
2023-04-27 16:50:00,169 "tasks:setUp:80" [INFO]- 请求方法:post
2023-04-27 16:50:00,170 "tasks:setUp:82" [INFO]- 接口地址:http://192.168.31.205:8000/atp/post_test/
2023-04-27 16:50:00,170 "tasks:setUp:84" [INFO]- 请求数据:{"id":1,"name":"啊啊啊啊啊"}
2023-04-27 16:50:00,171 "tasks:setUp:86" [INFO]- 断言数据:"code": 200;"msg": "啊啊啊啊"
2023-04-27 16:50:00,171 "tasks:setUp:88" [INFO]- 提取参数:None
2023-04-27 16:50:00,173 "process_data:request_process:44" [INFO]- -------- 开始调用接口 --------
2023-04-27 16:50:00,182 "process_data:request_process:69" [INFO]- 接口地址:http://192.168.31.205:8000/atp/post_test/
2023-04-27 16:50:00,183 "process_data:request_process:70" [INFO]- 请求数据:{"id":1,"name":"啊啊啊啊啊"}
2023-04-27 16:50:00,184 "tasks:setUp:145" [INFO]- 响应数据:{"code": 200, "msg": "查询成功", "server": {"id": 1, "env": "dev", "ip": "192.168.31.205", "port": "8000", "remark": "开发环境"}, "name": "啊啊啊啊啊"}
2023-04-27 16:50:00,185 "tasks:testMethod:174" [INFO]- 断言关键字【"code": 200】匹配成功
2023-04-27 16:50:00,186 "tasks:testMethod:168" [INFO]- 断言关键字【"msg": "啊啊啊啊"】匹配失败
2023-04-27 16:50:00,186 "tasks:tearDown:198" [INFO]- 用例【无入参，无出参，多错误断言】执行失败,请检查错误！
